[0.021s] Invoking command in '/home/nvidia/ros2_ws/KIST/VLM_AutonomousDriving/realsense/realsense-ros-4.56.4/build/realsense2_camera': AMENT_PREFIX_PATH=/home/nvidia/ros2_ws/KIST/VLM_AutonomousDriving/realsense/realsense-ros-4.56.4/install/realsense2_camera_msgs:${AMENT_PREFIX_PATH} CMAKE_PREFIX_PATH=/home/nvidia/ros2_ws/KIST/VLM_AutonomousDriving/realsense/realsense-ros-4.56.4/install/realsense2_camera_msgs:/home/nvidia/ros2_ws/unitree_ros2/install:/opt/ros/humble LD_LIBRARY_PATH=/home/nvidia/ros2_ws/KIST/VLM_AutonomousDriving/realsense/realsense-ros-4.56.4/install/realsense2_camera_msgs/lib:/opt/ros/humble/opt/rviz_ogre_vendor/lib:/opt/ros/humble/lib/aarch64-linux-gnu:/opt/ros/humble/lib:/usr/local/cuda-12.6/lib64 PYTHONPATH=/home/nvidia/ros2_ws/KIST/VLM_AutonomousDriving/realsense/realsense-ros-4.56.4/install/realsense2_camera_msgs/local/lib/python3.10/dist-packages:${PYTHONPATH} /usr/bin/cmake /home/nvidia/ros2_ws/KIST/VLM_AutonomousDriving/realsense/realsense-ros-4.56.4/realsense2_camera -DCMAKE_INSTALL_PREFIX=/home/nvidia/ros2_ws/KIST/VLM_AutonomousDriving/realsense/realsense-ros-4.56.4/install/realsense2_camera
[0.114s] -- The C compiler identification is GNU 11.4.0
[0.234s] -- The CXX compiler identification is GNU 11.4.0
[0.258s] -- Detecting C compiler ABI info
[0.397s] -- Detecting C compiler ABI info - done
[0.418s] -- Check for working C compiler: /usr/bin/cc - skipped
[0.419s] -- Detecting C compile features
[0.420s] -- Detecting C compile features - done
[0.431s] -- Detecting CXX compiler ABI info
[0.576s] -- Detecting CXX compiler ABI info - done
[0.602s] -- Check for working CXX compiler: /usr/bin/c++ - skipped
[0.603s] -- Detecting CXX compile features
[0.605s] -- Detecting CXX compile features - done
[0.607s] -- Create Release Build.
[0.614s] -- Found ament_cmake: 1.3.12 (/opt/ros/humble/share/ament_cmake/cmake)
[0.907s] -- Found Python3: /usr/bin/python3 (found version "3.10.12") found components: Interpreter 
[1.095s] -- Found builtin_interfaces: 1.2.2 (/opt/ros/humble/share/builtin_interfaces/cmake)
[1.152s] -- Found rosidl_generator_c: 3.1.7 (/opt/ros/humble/share/rosidl_generator_c/cmake)
[1.159s] -- Found rosidl_adapter: 3.1.7 (/opt/ros/humble/share/rosidl_adapter/cmake)
[1.171s] -- Found rosidl_generator_cpp: 3.1.7 (/opt/ros/humble/share/rosidl_generator_cpp/cmake)
[1.186s] -- Using all available rosidl_typesupport_c: rosidl_typesupport_fastrtps_c;rosidl_typesupport_introspection_c
[1.206s] -- Using all available rosidl_typesupport_cpp: rosidl_typesupport_fastrtps_cpp;rosidl_typesupport_introspection_cpp
[1.225s] -- Found cv_bridge: 3.2.1 (/opt/ros/humble/share/cv_bridge/cmake)
[1.301s] -- Found image_transport: 3.1.12 (/opt/ros/humble/share/image_transport/cmake)
[1.367s] -- Found rmw_implementation_cmake: 6.1.2 (/opt/ros/humble/share/rmw_implementation_cmake/cmake)
[1.371s] -- Found rmw_cyclonedds_cpp: 1.3.4 (/opt/ros/humble/share/rmw_cyclonedds_cpp/cmake)
[1.409s] -- Using RMW implementation 'rmw_cyclonedds_cpp' as default
[1.421s] -- Looking for pthread.h
[1.554s] -- Looking for pthread.h - found
[1.554s] -- Performing Test CMAKE_HAVE_LIBC_PTHREAD
[1.686s] -- Performing Test CMAKE_HAVE_LIBC_PTHREAD - Success
[1.690s] -- Found Threads: TRUE  
[1.847s] -- Found rclcpp_action: 16.0.14 (/opt/ros/humble/share/rclcpp_action/cmake)
[1.896s] -- Found rclcpp_components: 16.0.14 (/opt/ros/humble/share/rclcpp_components/cmake)
[1.924s] -- Found realsense2_camera_msgs: 4.56.4 (/home/nvidia/ros2_ws/KIST/VLM_AutonomousDriving/realsense/realsense-ros-4.56.4/install/realsense2_camera_msgs/share/realsense2_camera_msgs/cmake)
[1.952s] -- Found std_srvs: 4.9.0 (/opt/ros/humble/share/std_srvs/cmake)
[1.969s] -- Found nav_msgs: 4.9.0 (/opt/ros/humble/share/nav_msgs/cmake)
[1.995s] -- Found tf2_ros: 0.25.16 (/opt/ros/humble/share/tf2_ros/cmake)
[2.044s] -- Found diagnostic_updater: 4.0.6 (/opt/ros/humble/share/diagnostic_updater/cmake)
[2.075s] -- Found OpenCV: /usr (found version "4.8.0") found components: core 
[2.077s] -- Build for ROS2 Humble
[2.081s] -- Found ament_cmake_gtest: 1.3.12 (/opt/ros/humble/share/ament_cmake_gtest/cmake)
[2.085s] -- Found gtest sources under '/opt/ros/humble/src/gtest_vendor': C++ tests using 'Google Test' will be built
[2.093s] -- Found ament_cmake_pytest: 1.3.12 (/opt/ros/humble/share/ament_cmake_pytest/cmake)
[8.360s] -- rs_device_info:
[8.360s] -- Device Name                   Serial Number       Firmware Version
[8.361s] Intel RealSense D435I         247122070277        5.13.0.55
[8.361s] 
[8.361s] -- D455 device found
[14.437s] -- Configuring done
[14.518s] -- Generating done
[14.535s] -- Build files have been written to: /home/nvidia/ros2_ws/KIST/VLM_AutonomousDriving/realsense/realsense-ros-4.56.4/build/realsense2_camera
[14.566s] Invoked command in '/home/nvidia/ros2_ws/KIST/VLM_AutonomousDriving/realsense/realsense-ros-4.56.4/build/realsense2_camera' returned '0': AMENT_PREFIX_PATH=/home/nvidia/ros2_ws/KIST/VLM_AutonomousDriving/realsense/realsense-ros-4.56.4/install/realsense2_camera_msgs:${AMENT_PREFIX_PATH} CMAKE_PREFIX_PATH=/home/nvidia/ros2_ws/KIST/VLM_AutonomousDriving/realsense/realsense-ros-4.56.4/install/realsense2_camera_msgs:/home/nvidia/ros2_ws/unitree_ros2/install:/opt/ros/humble LD_LIBRARY_PATH=/home/nvidia/ros2_ws/KIST/VLM_AutonomousDriving/realsense/realsense-ros-4.56.4/install/realsense2_camera_msgs/lib:/opt/ros/humble/opt/rviz_ogre_vendor/lib:/opt/ros/humble/lib/aarch64-linux-gnu:/opt/ros/humble/lib:/usr/local/cuda-12.6/lib64 PYTHONPATH=/home/nvidia/ros2_ws/KIST/VLM_AutonomousDriving/realsense/realsense-ros-4.56.4/install/realsense2_camera_msgs/local/lib/python3.10/dist-packages:${PYTHONPATH} /usr/bin/cmake /home/nvidia/ros2_ws/KIST/VLM_AutonomousDriving/realsense/realsense-ros-4.56.4/realsense2_camera -DCMAKE_INSTALL_PREFIX=/home/nvidia/ros2_ws/KIST/VLM_AutonomousDriving/realsense/realsense-ros-4.56.4/install/realsense2_camera
[14.568s] Invoking command in '/home/nvidia/ros2_ws/KIST/VLM_AutonomousDriving/realsense/realsense-ros-4.56.4/build/realsense2_camera': AMENT_PREFIX_PATH=/home/nvidia/ros2_ws/KIST/VLM_AutonomousDriving/realsense/realsense-ros-4.56.4/install/realsense2_camera_msgs:${AMENT_PREFIX_PATH} CMAKE_PREFIX_PATH=/home/nvidia/ros2_ws/KIST/VLM_AutonomousDriving/realsense/realsense-ros-4.56.4/install/realsense2_camera_msgs:/home/nvidia/ros2_ws/unitree_ros2/install:/opt/ros/humble LD_LIBRARY_PATH=/home/nvidia/ros2_ws/KIST/VLM_AutonomousDriving/realsense/realsense-ros-4.56.4/install/realsense2_camera_msgs/lib:/opt/ros/humble/opt/rviz_ogre_vendor/lib:/opt/ros/humble/lib/aarch64-linux-gnu:/opt/ros/humble/lib:/usr/local/cuda-12.6/lib64 PYTHONPATH=/home/nvidia/ros2_ws/KIST/VLM_AutonomousDriving/realsense/realsense-ros-4.56.4/install/realsense2_camera_msgs/local/lib/python3.10/dist-packages:${PYTHONPATH} /usr/bin/cmake --build /home/nvidia/ros2_ws/KIST/VLM_AutonomousDriving/realsense/realsense-ros-4.56.4/build/realsense2_camera -- -j12 -l12
[14.662s] [  8%] [32mBuilding CXX object CMakeFiles/realsense2_camera_node.dir/rclcpp_components/node_main_realsense2_camera_node.cpp.o[0m
[14.662s] [  8%] [32mBuilding CXX object gtest/CMakeFiles/gtest.dir/src/gtest-all.cc.o[0m
[14.662s] [ 12%] [32mBuilding CXX object CMakeFiles/realsense2_camera.dir/src/realsense_node_factory.cpp.o[0m
[14.662s] [ 32%] [32mBuilding CXX object CMakeFiles/realsense2_camera.dir/src/base_realsense_node.cpp.o[0m
[14.663s] [ 32%] [32mBuilding CXX object CMakeFiles/realsense2_camera.dir/src/rs_node_setup.cpp.o[0m
[14.663s] [ 32%] [32mBuilding CXX object CMakeFiles/realsense2_camera.dir/src/parameters.cpp.o[0m
[14.663s] [ 32%] [32mBuilding CXX object CMakeFiles/realsense2_camera.dir/src/ros_sensor.cpp.o[0m
[14.663s] [ 32%] [32mBuilding CXX object CMakeFiles/realsense2_camera.dir/src/ros_utils.cpp.o[0m
[14.668s] [ 36%] [32mBuilding CXX object CMakeFiles/realsense2_camera.dir/src/dynamic_params.cpp.o[0m
[14.670s] [ 40%] [32mBuilding CXX object CMakeFiles/realsense2_camera.dir/src/sensor_params.cpp.o[0m
[14.678s] [ 44%] [32mBuilding CXX object CMakeFiles/realsense2_camera.dir/src/named_filter.cpp.o[0m
[14.684s] [ 48%] [32mBuilding CXX object gtest/CMakeFiles/gtest_main.dir/src/gtest_main.cc.o[0m
[16.146s] [ 52%] [32m[1mLinking CXX static library libgtest_main.a[0m
[16.280s] [ 52%] Built target gtest_main
[16.299s] [ 56%] [32mBuilding CXX object CMakeFiles/realsense2_camera.dir/src/pointcloud_filter.cpp.o[0m
[22.486s] [ 60%] [32m[1mLinking CXX executable realsense2_camera_node[0m
[22.719s] [ 64%] [32mBuilding CXX object CMakeFiles/realsense2_camera.dir/src/align_depth_filter.cpp.o[0m
[22.745s] [ 64%] Built target realsense2_camera_node
[22.762s] [ 68%] [32mBuilding CXX object CMakeFiles/realsense2_camera.dir/src/profile_manager.cpp.o[0m
[26.160s] [ 72%] [32mBuilding CXX object CMakeFiles/realsense2_camera.dir/src/image_publisher.cpp.o[0m
[26.596s] [ 76%] [32mBuilding CXX object CMakeFiles/realsense2_camera.dir/src/tfs.cpp.o[0m
[28.323s] [ 80%] [32mBuilding CXX object CMakeFiles/realsense2_camera.dir/src/actions.cpp.o[0m
[30.541s] [ 84%] [32mBuilding CXX object CMakeFiles/realsense2_camera.dir/src/ros_param_backend.cpp.o[0m
[30.904s] [ 88%] [32m[1mLinking CXX static library libgtest.a[0m
[31.023s] [ 88%] Built target gtest
[31.092s] [ 92%] [32mBuilding CXX object CMakeFiles/gtest_template.dir/test/gtest_template.cpp.o[0m
[32.734s] [ 96%] [32m[1mLinking CXX executable gtest_template[0m
[32.966s] [ 96%] Built target gtest_template
[49.766s] [100%] [32m[1mLinking CXX shared library librealsense2_camera.so[0m
[50.854s] [100%] Built target realsense2_camera
[50.882s] Invoked command in '/home/nvidia/ros2_ws/KIST/VLM_AutonomousDriving/realsense/realsense-ros-4.56.4/build/realsense2_camera' returned '0': AMENT_PREFIX_PATH=/home/nvidia/ros2_ws/KIST/VLM_AutonomousDriving/realsense/realsense-ros-4.56.4/install/realsense2_camera_msgs:${AMENT_PREFIX_PATH} CMAKE_PREFIX_PATH=/home/nvidia/ros2_ws/KIST/VLM_AutonomousDriving/realsense/realsense-ros-4.56.4/install/realsense2_camera_msgs:/home/nvidia/ros2_ws/unitree_ros2/install:/opt/ros/humble LD_LIBRARY_PATH=/home/nvidia/ros2_ws/KIST/VLM_AutonomousDriving/realsense/realsense-ros-4.56.4/install/realsense2_camera_msgs/lib:/opt/ros/humble/opt/rviz_ogre_vendor/lib:/opt/ros/humble/lib/aarch64-linux-gnu:/opt/ros/humble/lib:/usr/local/cuda-12.6/lib64 PYTHONPATH=/home/nvidia/ros2_ws/KIST/VLM_AutonomousDriving/realsense/realsense-ros-4.56.4/install/realsense2_camera_msgs/local/lib/python3.10/dist-packages:${PYTHONPATH} /usr/bin/cmake --build /home/nvidia/ros2_ws/KIST/VLM_AutonomousDriving/realsense/realsense-ros-4.56.4/build/realsense2_camera -- -j12 -l12
[50.887s] Invoking command in '/home/nvidia/ros2_ws/KIST/VLM_AutonomousDriving/realsense/realsense-ros-4.56.4/build/realsense2_camera': AMENT_PREFIX_PATH=/home/nvidia/ros2_ws/KIST/VLM_AutonomousDriving/realsense/realsense-ros-4.56.4/install/realsense2_camera_msgs:${AMENT_PREFIX_PATH} CMAKE_PREFIX_PATH=/home/nvidia/ros2_ws/KIST/VLM_AutonomousDriving/realsense/realsense-ros-4.56.4/install/realsense2_camera_msgs:/home/nvidia/ros2_ws/unitree_ros2/install:/opt/ros/humble LD_LIBRARY_PATH=/home/nvidia/ros2_ws/KIST/VLM_AutonomousDriving/realsense/realsense-ros-4.56.4/install/realsense2_camera_msgs/lib:/opt/ros/humble/opt/rviz_ogre_vendor/lib:/opt/ros/humble/lib/aarch64-linux-gnu:/opt/ros/humble/lib:/usr/local/cuda-12.6/lib64 PYTHONPATH=/home/nvidia/ros2_ws/KIST/VLM_AutonomousDriving/realsense/realsense-ros-4.56.4/install/realsense2_camera_msgs/local/lib/python3.10/dist-packages:${PYTHONPATH} /usr/bin/cmake --install /home/nvidia/ros2_ws/KIST/VLM_AutonomousDriving/realsense/realsense-ros-4.56.4/build/realsense2_camera
[50.902s] -- Install configuration: "Release"
[50.903s] -- Installing: /home/nvidia/ros2_ws/KIST/VLM_AutonomousDriving/realsense/realsense-ros-4.56.4/install/realsense2_camera/share/realsense2_camera/config/global_settings.yaml
[50.903s] -- Installing: /home/nvidia/ros2_ws/KIST/VLM_AutonomousDriving/realsense/realsense-ros-4.56.4/install/realsense2_camera/lib/realsense2_camera/realsense2_camera_node
[50.904s] -- Set runtime path of "/home/nvidia/ros2_ws/KIST/VLM_AutonomousDriving/realsense/realsense-ros-4.56.4/install/realsense2_camera/lib/realsense2_camera/realsense2_camera_node" to ""
[50.904s] -- Installing: /home/nvidia/ros2_ws/KIST/VLM_AutonomousDriving/realsense/realsense-ros-4.56.4/install/realsense2_camera/lib/librealsense2_camera.so
[50.913s] -- Set runtime path of "/home/nvidia/ros2_ws/KIST/VLM_AutonomousDriving/realsense/realsense-ros-4.56.4/install/realsense2_camera/lib/librealsense2_camera.so" to ""
[50.913s] -- Installing: /home/nvidia/ros2_ws/KIST/VLM_AutonomousDriving/realsense/realsense-ros-4.56.4/install/realsense2_camera/include
[50.913s] -- Installing: /home/nvidia/ros2_ws/KIST/VLM_AutonomousDriving/realsense/realsense-ros-4.56.4/install/realsense2_camera/include/ros_sensor.h
[50.913s] -- Installing: /home/nvidia/ros2_ws/KIST/VLM_AutonomousDriving/realsense/realsense-ros-4.56.4/install/realsense2_camera/include/dynamic_params.h
[50.913s] -- Installing: /home/nvidia/ros2_ws/KIST/VLM_AutonomousDriving/realsense/realsense-ros-4.56.4/install/realsense2_camera/include/ros_param_backend.h
[50.914s] -- Installing: /home/nvidia/ros2_ws/KIST/VLM_AutonomousDriving/realsense/realsense-ros-4.56.4/install/realsense2_camera/include/constants.h
[50.915s] -- Installing: /home/nvidia/ros2_ws/KIST/VLM_AutonomousDriving/realsense/realsense-ros-4.56.4/install/realsense2_camera/include/ros_node_base.h
[50.915s] -- Installing: /home/nvidia/ros2_ws/KIST/VLM_AutonomousDriving/realsense/realsense-ros-4.56.4/install/realsense2_camera/include/profile_manager.h
[50.916s] -- Installing: /home/nvidia/ros2_ws/KIST/VLM_AutonomousDriving/realsense/realsense-ros-4.56.4/install/realsense2_camera/include/ros_utils.h
[50.916s] -- Installing: /home/nvidia/ros2_ws/KIST/VLM_AutonomousDriving/realsense/realsense-ros-4.56.4/install/realsense2_camera/include/align_depth_filter.h
[50.916s] -- Installing: /home/nvidia/ros2_ws/KIST/VLM_AutonomousDriving/realsense/realsense-ros-4.56.4/install/realsense2_camera/include/realsense_node_factory.h
[50.917s] -- Installing: /home/nvidia/ros2_ws/KIST/VLM_AutonomousDriving/realsense/realsense-ros-4.56.4/install/realsense2_camera/include/image_publisher.h
[50.917s] -- Installing: /home/nvidia/ros2_ws/KIST/VLM_AutonomousDriving/realsense/realsense-ros-4.56.4/install/realsense2_camera/include/gl_window.h
[50.917s] -- Installing: /home/nvidia/ros2_ws/KIST/VLM_AutonomousDriving/realsense/realsense-ros-4.56.4/install/realsense2_camera/include/named_filter.h
[50.917s] -- Installing: /home/nvidia/ros2_ws/KIST/VLM_AutonomousDriving/realsense/realsense-ros-4.56.4/install/realsense2_camera/include/pointcloud_filter.h
[50.918s] -- Installing: /home/nvidia/ros2_ws/KIST/VLM_AutonomousDriving/realsense/realsense-ros-4.56.4/install/realsense2_camera/include/sensor_params.h
[50.918s] -- Installing: /home/nvidia/ros2_ws/KIST/VLM_AutonomousDriving/realsense/realsense-ros-4.56.4/install/realsense2_camera/include/base_realsense_node.h
[50.918s] -- Installing: /home/nvidia/ros2_ws/KIST/VLM_AutonomousDriving/realsense/realsense-ros-4.56.4/install/realsense2_camera/share/realsense2_camera/launch
[50.919s] -- Installing: /home/nvidia/ros2_ws/KIST/VLM_AutonomousDriving/realsense/realsense-ros-4.56.4/install/realsense2_camera/share/realsense2_camera/launch/default.rviz
[50.919s] -- Installing: /home/nvidia/ros2_ws/KIST/VLM_AutonomousDriving/realsense/realsense-ros-4.56.4/install/realsense2_camera/share/realsense2_camera/launch/rs_multi_camera_launch_sync.py
[50.919s] -- Installing: /home/nvidia/ros2_ws/KIST/VLM_AutonomousDriving/realsense/realsense-ros-4.56.4/install/realsense2_camera/share/realsense2_camera/launch/rs_intra_process_demo_launch.py
[50.919s] -- Installing: /home/nvidia/ros2_ws/KIST/VLM_AutonomousDriving/realsense/realsense-ros-4.56.4/install/realsense2_camera/share/realsense2_camera/launch/rs_multi_camera_launch.py
[50.919s] -- Installing: /home/nvidia/ros2_ws/KIST/VLM_AutonomousDriving/realsense/realsense-ros-4.56.4/install/realsense2_camera/share/realsense2_camera/launch/rs_launch.py
[50.920s] -- Installing: /home/nvidia/ros2_ws/KIST/VLM_AutonomousDriving/realsense/realsense-ros-4.56.4/install/realsense2_camera/share/realsense2_camera/examples
[50.920s] -- Installing: /home/nvidia/ros2_ws/KIST/VLM_AutonomousDriving/realsense/realsense-ros-4.56.4/install/realsense2_camera/share/realsense2_camera/examples/align_depth
[50.920s] -- Installing: /home/nvidia/ros2_ws/KIST/VLM_AutonomousDriving/realsense/realsense-ros-4.56.4/install/realsense2_camera/share/realsense2_camera/examples/align_depth/rs_align_depth_launch.py
[50.920s] -- Installing: /home/nvidia/ros2_ws/KIST/VLM_AutonomousDriving/realsense/realsense-ros-4.56.4/install/realsense2_camera/share/realsense2_camera/examples/align_depth/README.md
[50.920s] -- Installing: /home/nvidia/ros2_ws/KIST/VLM_AutonomousDriving/realsense/realsense-ros-4.56.4/install/realsense2_camera/share/realsense2_camera/examples/launch_from_rosbag
[50.920s] -- Installing: /home/nvidia/ros2_ws/KIST/VLM_AutonomousDriving/realsense/realsense-ros-4.56.4/install/realsense2_camera/share/realsense2_camera/examples/launch_from_rosbag/README.md
[50.920s] -- Installing: /home/nvidia/ros2_ws/KIST/VLM_AutonomousDriving/realsense/realsense-ros-4.56.4/install/realsense2_camera/share/realsense2_camera/examples/launch_from_rosbag/rs_launch_from_rosbag.py
[50.920s] -- Installing: /home/nvidia/ros2_ws/KIST/VLM_AutonomousDriving/realsense/realsense-ros-4.56.4/install/realsense2_camera/share/realsense2_camera/examples/launch_params_from_file
[50.920s] -- Installing: /home/nvidia/ros2_ws/KIST/VLM_AutonomousDriving/realsense/realsense-ros-4.56.4/install/realsense2_camera/share/realsense2_camera/examples/launch_params_from_file/README.md
[50.920s] -- Installing: /home/nvidia/ros2_ws/KIST/VLM_AutonomousDriving/realsense/realsense-ros-4.56.4/install/realsense2_camera/share/realsense2_camera/examples/launch_params_from_file/rs_launch_get_params_from_yaml.py
[50.920s] -- Installing: /home/nvidia/ros2_ws/KIST/VLM_AutonomousDriving/realsense/realsense-ros-4.56.4/install/realsense2_camera/share/realsense2_camera/examples/launch_params_from_file/config
[50.921s] -- Installing: /home/nvidia/ros2_ws/KIST/VLM_AutonomousDriving/realsense/realsense-ros-4.56.4/install/realsense2_camera/share/realsense2_camera/examples/launch_params_from_file/config/config.yaml
[50.921s] -- Installing: /home/nvidia/ros2_ws/KIST/VLM_AutonomousDriving/realsense/realsense-ros-4.56.4/install/realsense2_camera/share/realsense2_camera/examples/d500_tables
[50.921s] -- Installing: /home/nvidia/ros2_ws/KIST/VLM_AutonomousDriving/realsense/realsense-ros-4.56.4/install/realsense2_camera/share/realsense2_camera/examples/d500_tables/calib_config_example.json
[50.921s] -- Installing: /home/nvidia/ros2_ws/KIST/VLM_AutonomousDriving/realsense/realsense-ros-4.56.4/install/realsense2_camera/share/realsense2_camera/examples/pointcloud
[50.921s] -- Installing: /home/nvidia/ros2_ws/KIST/VLM_AutonomousDriving/realsense/realsense-ros-4.56.4/install/realsense2_camera/share/realsense2_camera/examples/pointcloud/rviz
[50.921s] -- Installing: /home/nvidia/ros2_ws/KIST/VLM_AutonomousDriving/realsense/realsense-ros-4.56.4/install/realsense2_camera/share/realsense2_camera/examples/pointcloud/rviz/pointcloud.rviz
[50.921s] -- Installing: /home/nvidia/ros2_ws/KIST/VLM_AutonomousDriving/realsense/realsense-ros-4.56.4/install/realsense2_camera/share/realsense2_camera/examples/pointcloud/rviz/urdf_pointcloud.rviz
[50.921s] -- Installing: /home/nvidia/ros2_ws/KIST/VLM_AutonomousDriving/realsense/realsense-ros-4.56.4/install/realsense2_camera/share/realsense2_camera/examples/pointcloud/README.md
[50.922s] -- Installing: /home/nvidia/ros2_ws/KIST/VLM_AutonomousDriving/realsense/realsense-ros-4.56.4/install/realsense2_camera/share/realsense2_camera/examples/pointcloud/rs_pointcloud_launch.py
[50.922s] -- Installing: /home/nvidia/ros2_ws/KIST/VLM_AutonomousDriving/realsense/realsense-ros-4.56.4/install/realsense2_camera/share/realsense2_camera/examples/pointcloud/rs_d455_pointcloud_launch.py
[50.922s] -- Installing: /home/nvidia/ros2_ws/KIST/VLM_AutonomousDriving/realsense/realsense-ros-4.56.4/install/realsense2_camera/share/realsense2_camera/examples/pointcloud/rs_pointcloud_infra_launch.py
[50.923s] -- Installing: /home/nvidia/ros2_ws/KIST/VLM_AutonomousDriving/realsense/realsense-ros-4.56.4/install/realsense2_camera/share/realsense2_camera/examples/pointcloud/rs_d405_pointcloud_launch.py
[50.923s] -- Installing: /home/nvidia/ros2_ws/KIST/VLM_AutonomousDriving/realsense/realsense-ros-4.56.4/install/realsense2_camera/share/realsense2_camera/examples/dual_camera
[50.923s] -- Installing: /home/nvidia/ros2_ws/KIST/VLM_AutonomousDriving/realsense/realsense-ros-4.56.4/install/realsense2_camera/share/realsense2_camera/examples/dual_camera/rs_dual_camera_launch.py
[50.923s] -- Installing: /home/nvidia/ros2_ws/KIST/VLM_AutonomousDriving/realsense/realsense-ros-4.56.4/install/realsense2_camera/share/realsense2_camera/examples/dual_camera/rviz
[50.924s] -- Installing: /home/nvidia/ros2_ws/KIST/VLM_AutonomousDriving/realsense/realsense-ros-4.56.4/install/realsense2_camera/share/realsense2_camera/examples/dual_camera/rviz/dual_camera_pointcloud.rviz
[50.924s] -- Installing: /home/nvidia/ros2_ws/KIST/VLM_AutonomousDriving/realsense/realsense-ros-4.56.4/install/realsense2_camera/share/realsense2_camera/examples/dual_camera/README.md
[50.924s] -- Installing: /home/nvidia/ros2_ws/KIST/VLM_AutonomousDriving/realsense/realsense-ros-4.56.4/install/realsense2_camera/share/realsense2_camera/environment/library_path.sh
[50.925s] -- Installing: /home/nvidia/ros2_ws/KIST/VLM_AutonomousDriving/realsense/realsense-ros-4.56.4/install/realsense2_camera/share/realsense2_camera/environment/library_path.dsv
[50.925s] -- Installing: /home/nvidia/ros2_ws/KIST/VLM_AutonomousDriving/realsense/realsense-ros-4.56.4/install/realsense2_camera/share/ament_index/resource_index/package_run_dependencies/realsense2_camera
[50.925s] -- Installing: /home/nvidia/ros2_ws/KIST/VLM_AutonomousDriving/realsense/realsense-ros-4.56.4/install/realsense2_camera/share/ament_index/resource_index/parent_prefix_path/realsense2_camera
[50.925s] -- Installing: /home/nvidia/ros2_ws/KIST/VLM_AutonomousDriving/realsense/realsense-ros-4.56.4/install/realsense2_camera/share/realsense2_camera/environment/ament_prefix_path.sh
[50.926s] -- Installing: /home/nvidia/ros2_ws/KIST/VLM_AutonomousDriving/realsense/realsense-ros-4.56.4/install/realsense2_camera/share/realsense2_camera/environment/ament_prefix_path.dsv
[50.926s] -- Installing: /home/nvidia/ros2_ws/KIST/VLM_AutonomousDriving/realsense/realsense-ros-4.56.4/install/realsense2_camera/share/realsense2_camera/environment/path.sh
[50.926s] -- Installing: /home/nvidia/ros2_ws/KIST/VLM_AutonomousDriving/realsense/realsense-ros-4.56.4/install/realsense2_camera/share/realsense2_camera/environment/path.dsv
[50.927s] -- Installing: /home/nvidia/ros2_ws/KIST/VLM_AutonomousDriving/realsense/realsense-ros-4.56.4/install/realsense2_camera/share/realsense2_camera/local_setup.bash
[50.927s] -- Installing: /home/nvidia/ros2_ws/KIST/VLM_AutonomousDriving/realsense/realsense-ros-4.56.4/install/realsense2_camera/share/realsense2_camera/local_setup.sh
[50.927s] -- Installing: /home/nvidia/ros2_ws/KIST/VLM_AutonomousDriving/realsense/realsense-ros-4.56.4/install/realsense2_camera/share/realsense2_camera/local_setup.zsh
[50.927s] -- Installing: /home/nvidia/ros2_ws/KIST/VLM_AutonomousDriving/realsense/realsense-ros-4.56.4/install/realsense2_camera/share/realsense2_camera/local_setup.dsv
[50.928s] -- Installing: /home/nvidia/ros2_ws/KIST/VLM_AutonomousDriving/realsense/realsense-ros-4.56.4/install/realsense2_camera/share/realsense2_camera/package.dsv
[50.928s] -- Installing: /home/nvidia/ros2_ws/KIST/VLM_AutonomousDriving/realsense/realsense-ros-4.56.4/install/realsense2_camera/share/ament_index/resource_index/packages/realsense2_camera
[50.928s] -- Installing: /home/nvidia/ros2_ws/KIST/VLM_AutonomousDriving/realsense/realsense-ros-4.56.4/install/realsense2_camera/share/ament_index/resource_index/rclcpp_components/realsense2_camera
[50.929s] -- Installing: /home/nvidia/ros2_ws/KIST/VLM_AutonomousDriving/realsense/realsense-ros-4.56.4/install/realsense2_camera/share/realsense2_camera/cmake/ament_cmake_export_include_directories-extras.cmake
[50.929s] -- Installing: /home/nvidia/ros2_ws/KIST/VLM_AutonomousDriving/realsense/realsense-ros-4.56.4/install/realsense2_camera/share/realsense2_camera/cmake/ament_cmake_export_libraries-extras.cmake
[50.929s] -- Installing: /home/nvidia/ros2_ws/KIST/VLM_AutonomousDriving/realsense/realsense-ros-4.56.4/install/realsense2_camera/share/realsense2_camera/cmake/ament_cmake_export_dependencies-extras.cmake
[50.929s] -- Installing: /home/nvidia/ros2_ws/KIST/VLM_AutonomousDriving/realsense/realsense-ros-4.56.4/install/realsense2_camera/share/realsense2_camera/cmake/realsense2_cameraConfig.cmake
[50.929s] -- Installing: /home/nvidia/ros2_ws/KIST/VLM_AutonomousDriving/realsense/realsense-ros-4.56.4/install/realsense2_camera/share/realsense2_camera/cmake/realsense2_cameraConfig-version.cmake
[50.930s] -- Installing: /home/nvidia/ros2_ws/KIST/VLM_AutonomousDriving/realsense/realsense-ros-4.56.4/install/realsense2_camera/share/realsense2_camera/package.xml
[50.935s] Invoked command in '/home/nvidia/ros2_ws/KIST/VLM_AutonomousDriving/realsense/realsense-ros-4.56.4/build/realsense2_camera' returned '0': AMENT_PREFIX_PATH=/home/nvidia/ros2_ws/KIST/VLM_AutonomousDriving/realsense/realsense-ros-4.56.4/install/realsense2_camera_msgs:${AMENT_PREFIX_PATH} CMAKE_PREFIX_PATH=/home/nvidia/ros2_ws/KIST/VLM_AutonomousDriving/realsense/realsense-ros-4.56.4/install/realsense2_camera_msgs:/home/nvidia/ros2_ws/unitree_ros2/install:/opt/ros/humble LD_LIBRARY_PATH=/home/nvidia/ros2_ws/KIST/VLM_AutonomousDriving/realsense/realsense-ros-4.56.4/install/realsense2_camera_msgs/lib:/opt/ros/humble/opt/rviz_ogre_vendor/lib:/opt/ros/humble/lib/aarch64-linux-gnu:/opt/ros/humble/lib:/usr/local/cuda-12.6/lib64 PYTHONPATH=/home/nvidia/ros2_ws/KIST/VLM_AutonomousDriving/realsense/realsense-ros-4.56.4/install/realsense2_camera_msgs/local/lib/python3.10/dist-packages:${PYTHONPATH} /usr/bin/cmake --install /home/nvidia/ros2_ws/KIST/VLM_AutonomousDriving/realsense/realsense-ros-4.56.4/build/realsense2_camera
