[0.021s] Invoking command in '/home/nvidia/ros2_ws/KIST/VLM_AutonomousDriving/realsense/realsense-ros-4.56.4/build/realsense2_description': AMENT_PREFIX_PATH=/home/nvidia/ros2_ws/KIST/VLM_AutonomousDriving/realsense/realsense-ros-4.56.4/install/realsense2_camera_msgs:${AMENT_PREFIX_PATH} CMAKE_PREFIX_PATH=/home/nvidia/ros2_ws/KIST/VLM_AutonomousDriving/realsense/realsense-ros-4.56.4/install/realsense2_camera_msgs:/home/nvidia/ros2_ws/unitree_ros2/install:/opt/ros/humble LD_LIBRARY_PATH=/home/nvidia/ros2_ws/KIST/VLM_AutonomousDriving/realsense/realsense-ros-4.56.4/install/realsense2_camera_msgs/lib:/opt/ros/humble/opt/rviz_ogre_vendor/lib:/opt/ros/humble/lib/aarch64-linux-gnu:/opt/ros/humble/lib:/usr/local/cuda-12.6/lib64 PYTHONPATH=/home/nvidia/ros2_ws/KIST/VLM_AutonomousDriving/realsense/realsense-ros-4.56.4/install/realsense2_camera_msgs/local/lib/python3.10/dist-packages:${PYTHONPATH} /usr/bin/cmake /home/nvidia/ros2_ws/KIST/VLM_AutonomousDriving/realsense/realsense-ros-4.56.4/realsense2_description -DCMAKE_INSTALL_PREFIX=/home/nvidia/ros2_ws/KIST/VLM_AutonomousDriving/realsense/realsense-ros-4.56.4/install/realsense2_description
[0.109s] -- The C compiler identification is GNU 11.4.0
[0.201s] -- The CXX compiler identification is GNU 11.4.0
[0.217s] -- Detecting C compiler ABI info
[0.340s] -- Detecting C compiler ABI info - done
[0.365s] -- Check for working C compiler: /usr/bin/cc - skipped
[0.365s] -- Detecting C compile features
[0.367s] -- Detecting C compile features - done
[0.377s] -- Detecting CXX compiler ABI info
[0.528s] -- Detecting CXX compiler ABI info - done
[0.554s] -- Check for working CXX compiler: /usr/bin/c++ - skipped
[0.554s] -- Detecting CXX compile features
[0.556s] -- Detecting CXX compile features - done
[0.565s] -- Found ament_cmake: 1.3.12 (/opt/ros/humble/share/ament_cmake/cmake)
[0.853s] -- Found Python3: /usr/bin/python3 (found version "3.10.12") found components: Interpreter 
[1.147s] -- Configuring done
[1.152s] -- Generating done
[1.155s] -- Build files have been written to: /home/nvidia/ros2_ws/KIST/VLM_AutonomousDriving/realsense/realsense-ros-4.56.4/build/realsense2_description
[1.165s] Invoked command in '/home/nvidia/ros2_ws/KIST/VLM_AutonomousDriving/realsense/realsense-ros-4.56.4/build/realsense2_description' returned '0': AMENT_PREFIX_PATH=/home/nvidia/ros2_ws/KIST/VLM_AutonomousDriving/realsense/realsense-ros-4.56.4/install/realsense2_camera_msgs:${AMENT_PREFIX_PATH} CMAKE_PREFIX_PATH=/home/nvidia/ros2_ws/KIST/VLM_AutonomousDriving/realsense/realsense-ros-4.56.4/install/realsense2_camera_msgs:/home/nvidia/ros2_ws/unitree_ros2/install:/opt/ros/humble LD_LIBRARY_PATH=/home/nvidia/ros2_ws/KIST/VLM_AutonomousDriving/realsense/realsense-ros-4.56.4/install/realsense2_camera_msgs/lib:/opt/ros/humble/opt/rviz_ogre_vendor/lib:/opt/ros/humble/lib/aarch64-linux-gnu:/opt/ros/humble/lib:/usr/local/cuda-12.6/lib64 PYTHONPATH=/home/nvidia/ros2_ws/KIST/VLM_AutonomousDriving/realsense/realsense-ros-4.56.4/install/realsense2_camera_msgs/local/lib/python3.10/dist-packages:${PYTHONPATH} /usr/bin/cmake /home/nvidia/ros2_ws/KIST/VLM_AutonomousDriving/realsense/realsense-ros-4.56.4/realsense2_description -DCMAKE_INSTALL_PREFIX=/home/nvidia/ros2_ws/KIST/VLM_AutonomousDriving/realsense/realsense-ros-4.56.4/install/realsense2_description
[1.169s] Invoking command in '/home/nvidia/ros2_ws/KIST/VLM_AutonomousDriving/realsense/realsense-ros-4.56.4/build/realsense2_description': AMENT_PREFIX_PATH=/home/nvidia/ros2_ws/KIST/VLM_AutonomousDriving/realsense/realsense-ros-4.56.4/install/realsense2_camera_msgs:${AMENT_PREFIX_PATH} CMAKE_PREFIX_PATH=/home/nvidia/ros2_ws/KIST/VLM_AutonomousDriving/realsense/realsense-ros-4.56.4/install/realsense2_camera_msgs:/home/nvidia/ros2_ws/unitree_ros2/install:/opt/ros/humble LD_LIBRARY_PATH=/home/nvidia/ros2_ws/KIST/VLM_AutonomousDriving/realsense/realsense-ros-4.56.4/install/realsense2_camera_msgs/lib:/opt/ros/humble/opt/rviz_ogre_vendor/lib:/opt/ros/humble/lib/aarch64-linux-gnu:/opt/ros/humble/lib:/usr/local/cuda-12.6/lib64 PYTHONPATH=/home/nvidia/ros2_ws/KIST/VLM_AutonomousDriving/realsense/realsense-ros-4.56.4/install/realsense2_camera_msgs/local/lib/python3.10/dist-packages:${PYTHONPATH} /usr/bin/cmake --build /home/nvidia/ros2_ws/KIST/VLM_AutonomousDriving/realsense/realsense-ros-4.56.4/build/realsense2_description -- -j12 -l12
[1.241s] Invoked command in '/home/nvidia/ros2_ws/KIST/VLM_AutonomousDriving/realsense/realsense-ros-4.56.4/build/realsense2_description' returned '0': AMENT_PREFIX_PATH=/home/nvidia/ros2_ws/KIST/VLM_AutonomousDriving/realsense/realsense-ros-4.56.4/install/realsense2_camera_msgs:${AMENT_PREFIX_PATH} CMAKE_PREFIX_PATH=/home/nvidia/ros2_ws/KIST/VLM_AutonomousDriving/realsense/realsense-ros-4.56.4/install/realsense2_camera_msgs:/home/nvidia/ros2_ws/unitree_ros2/install:/opt/ros/humble LD_LIBRARY_PATH=/home/nvidia/ros2_ws/KIST/VLM_AutonomousDriving/realsense/realsense-ros-4.56.4/install/realsense2_camera_msgs/lib:/opt/ros/humble/opt/rviz_ogre_vendor/lib:/opt/ros/humble/lib/aarch64-linux-gnu:/opt/ros/humble/lib:/usr/local/cuda-12.6/lib64 PYTHONPATH=/home/nvidia/ros2_ws/KIST/VLM_AutonomousDriving/realsense/realsense-ros-4.56.4/install/realsense2_camera_msgs/local/lib/python3.10/dist-packages:${PYTHONPATH} /usr/bin/cmake --build /home/nvidia/ros2_ws/KIST/VLM_AutonomousDriving/realsense/realsense-ros-4.56.4/build/realsense2_description -- -j12 -l12
[1.247s] Invoking command in '/home/nvidia/ros2_ws/KIST/VLM_AutonomousDriving/realsense/realsense-ros-4.56.4/build/realsense2_description': AMENT_PREFIX_PATH=/home/nvidia/ros2_ws/KIST/VLM_AutonomousDriving/realsense/realsense-ros-4.56.4/install/realsense2_camera_msgs:${AMENT_PREFIX_PATH} CMAKE_PREFIX_PATH=/home/nvidia/ros2_ws/KIST/VLM_AutonomousDriving/realsense/realsense-ros-4.56.4/install/realsense2_camera_msgs:/home/nvidia/ros2_ws/unitree_ros2/install:/opt/ros/humble LD_LIBRARY_PATH=/home/nvidia/ros2_ws/KIST/VLM_AutonomousDriving/realsense/realsense-ros-4.56.4/install/realsense2_camera_msgs/lib:/opt/ros/humble/opt/rviz_ogre_vendor/lib:/opt/ros/humble/lib/aarch64-linux-gnu:/opt/ros/humble/lib:/usr/local/cuda-12.6/lib64 PYTHONPATH=/home/nvidia/ros2_ws/KIST/VLM_AutonomousDriving/realsense/realsense-ros-4.56.4/install/realsense2_camera_msgs/local/lib/python3.10/dist-packages:${PYTHONPATH} /usr/bin/cmake --install /home/nvidia/ros2_ws/KIST/VLM_AutonomousDriving/realsense/realsense-ros-4.56.4/build/realsense2_description
[1.261s] -- Install configuration: ""
[1.261s] -- Installing: /home/nvidia/ros2_ws/KIST/VLM_AutonomousDriving/realsense/realsense-ros-4.56.4/install/realsense2_description/share/realsense2_description/launch
[1.262s] -- Installing: /home/nvidia/ros2_ws/KIST/VLM_AutonomousDriving/realsense/realsense-ros-4.56.4/install/realsense2_description/share/realsense2_description/launch/view_model.launch.py
[1.262s] -- Installing: /home/nvidia/ros2_ws/KIST/VLM_AutonomousDriving/realsense/realsense-ros-4.56.4/install/realsense2_description/share/realsense2_description/launch/launch_utils.py
[1.262s] -- Installing: /home/nvidia/ros2_ws/KIST/VLM_AutonomousDriving/realsense/realsense-ros-4.56.4/install/realsense2_description/share/realsense2_description/meshes
[1.262s] -- Installing: /home/nvidia/ros2_ws/KIST/VLM_AutonomousDriving/realsense/realsense-ros-4.56.4/install/realsense2_description/share/realsense2_description/meshes/plug_collision.stl
[1.262s] -- Installing: /home/nvidia/ros2_ws/KIST/VLM_AutonomousDriving/realsense/realsense-ros-4.56.4/install/realsense2_description/share/realsense2_description/meshes/l515.dae
[1.321s] -- Installing: /home/nvidia/ros2_ws/KIST/VLM_AutonomousDriving/realsense/realsense-ros-4.56.4/install/realsense2_description/share/realsense2_description/meshes/d455.stl
[1.325s] -- Installing: /home/nvidia/ros2_ws/KIST/VLM_AutonomousDriving/realsense/realsense-ros-4.56.4/install/realsense2_description/share/realsense2_description/meshes/d435.dae
[1.350s] -- Installing: /home/nvidia/ros2_ws/KIST/VLM_AutonomousDriving/realsense/realsense-ros-4.56.4/install/realsense2_description/share/realsense2_description/meshes/d405.stl
[1.350s] -- Installing: /home/nvidia/ros2_ws/KIST/VLM_AutonomousDriving/realsense/realsense-ros-4.56.4/install/realsense2_description/share/realsense2_description/meshes/plug.stl
[1.351s] -- Installing: /home/nvidia/ros2_ws/KIST/VLM_AutonomousDriving/realsense/realsense-ros-4.56.4/install/realsense2_description/share/realsense2_description/meshes/d415.stl
[1.384s] -- Installing: /home/nvidia/ros2_ws/KIST/VLM_AutonomousDriving/realsense/realsense-ros-4.56.4/install/realsense2_description/share/realsense2_description/rviz
[1.384s] -- Installing: /home/nvidia/ros2_ws/KIST/VLM_AutonomousDriving/realsense/realsense-ros-4.56.4/install/realsense2_description/share/realsense2_description/rviz/urdf.rviz
[1.385s] -- Installing: /home/nvidia/ros2_ws/KIST/VLM_AutonomousDriving/realsense/realsense-ros-4.56.4/install/realsense2_description/share/realsense2_description/urdf
[1.385s] -- Installing: /home/nvidia/ros2_ws/KIST/VLM_AutonomousDriving/realsense/realsense-ros-4.56.4/install/realsense2_description/share/realsense2_description/urdf/test_d455_camera.urdf.xacro
[1.385s] -- Installing: /home/nvidia/ros2_ws/KIST/VLM_AutonomousDriving/realsense/realsense-ros-4.56.4/install/realsense2_description/share/realsense2_description/urdf/_r410.urdf.xacro
[1.386s] -- Installing: /home/nvidia/ros2_ws/KIST/VLM_AutonomousDriving/realsense/realsense-ros-4.56.4/install/realsense2_description/share/realsense2_description/urdf/test_d435_multiple_cameras.urdf.xacro
[1.386s] -- Installing: /home/nvidia/ros2_ws/KIST/VLM_AutonomousDriving/realsense/realsense-ros-4.56.4/install/realsense2_description/share/realsense2_description/urdf/_materials.urdf.xacro
[1.386s] -- Installing: /home/nvidia/ros2_ws/KIST/VLM_AutonomousDriving/realsense/realsense-ros-4.56.4/install/realsense2_description/share/realsense2_description/urdf/_d455.urdf.xacro
[1.387s] -- Installing: /home/nvidia/ros2_ws/KIST/VLM_AutonomousDriving/realsense/realsense-ros-4.56.4/install/realsense2_description/share/realsense2_description/urdf/_d435.urdf.xacro
[1.387s] -- Installing: /home/nvidia/ros2_ws/KIST/VLM_AutonomousDriving/realsense/realsense-ros-4.56.4/install/realsense2_description/share/realsense2_description/urdf/test_d435i_camera.urdf.xacro
[1.388s] -- Installing: /home/nvidia/ros2_ws/KIST/VLM_AutonomousDriving/realsense/realsense-ros-4.56.4/install/realsense2_description/share/realsense2_description/urdf/test_d435_camera.urdf.xacro
[1.388s] -- Installing: /home/nvidia/ros2_ws/KIST/VLM_AutonomousDriving/realsense/realsense-ros-4.56.4/install/realsense2_description/share/realsense2_description/urdf/test_d405_camera.urdf.xacro
[1.388s] -- Installing: /home/nvidia/ros2_ws/KIST/VLM_AutonomousDriving/realsense/realsense-ros-4.56.4/install/realsense2_description/share/realsense2_description/urdf/_usb_plug.urdf.xacro
[1.389s] -- Installing: /home/nvidia/ros2_ws/KIST/VLM_AutonomousDriving/realsense/realsense-ros-4.56.4/install/realsense2_description/share/realsense2_description/urdf/test_d415_camera.urdf.xacro
[1.389s] -- Installing: /home/nvidia/ros2_ws/KIST/VLM_AutonomousDriving/realsense/realsense-ros-4.56.4/install/realsense2_description/share/realsense2_description/urdf/_d405.urdf.xacro
[1.389s] -- Installing: /home/nvidia/ros2_ws/KIST/VLM_AutonomousDriving/realsense/realsense-ros-4.56.4/install/realsense2_description/share/realsense2_description/urdf/test_r410_camera.urdf.xacro
[1.390s] -- Installing: /home/nvidia/ros2_ws/KIST/VLM_AutonomousDriving/realsense/realsense-ros-4.56.4/install/realsense2_description/share/realsense2_description/urdf/_d435i.urdf.xacro
[1.390s] -- Installing: /home/nvidia/ros2_ws/KIST/VLM_AutonomousDriving/realsense/realsense-ros-4.56.4/install/realsense2_description/share/realsense2_description/urdf/test_r430_camera.urdf.xacro
[1.390s] -- Installing: /home/nvidia/ros2_ws/KIST/VLM_AutonomousDriving/realsense/realsense-ros-4.56.4/install/realsense2_description/share/realsense2_description/urdf/_r430.urdf.xacro
[1.390s] -- Installing: /home/nvidia/ros2_ws/KIST/VLM_AutonomousDriving/realsense/realsense-ros-4.56.4/install/realsense2_description/share/realsense2_description/urdf/_d415.urdf.xacro
[1.391s] -- Installing: /home/nvidia/ros2_ws/KIST/VLM_AutonomousDriving/realsense/realsense-ros-4.56.4/install/realsense2_description/share/realsense2_description/urdf/_d435i_imu_modules.urdf.xacro
[1.391s] -- Installing: /home/nvidia/ros2_ws/KIST/VLM_AutonomousDriving/realsense/realsense-ros-4.56.4/install/realsense2_description/share/ament_index/resource_index/package_run_dependencies/realsense2_description
[1.391s] -- Installing: /home/nvidia/ros2_ws/KIST/VLM_AutonomousDriving/realsense/realsense-ros-4.56.4/install/realsense2_description/share/ament_index/resource_index/parent_prefix_path/realsense2_description
[1.391s] -- Installing: /home/nvidia/ros2_ws/KIST/VLM_AutonomousDriving/realsense/realsense-ros-4.56.4/install/realsense2_description/share/realsense2_description/environment/ament_prefix_path.sh
[1.391s] -- Installing: /home/nvidia/ros2_ws/KIST/VLM_AutonomousDriving/realsense/realsense-ros-4.56.4/install/realsense2_description/share/realsense2_description/environment/ament_prefix_path.dsv
[1.392s] -- Installing: /home/nvidia/ros2_ws/KIST/VLM_AutonomousDriving/realsense/realsense-ros-4.56.4/install/realsense2_description/share/realsense2_description/environment/path.sh
[1.392s] -- Installing: /home/nvidia/ros2_ws/KIST/VLM_AutonomousDriving/realsense/realsense-ros-4.56.4/install/realsense2_description/share/realsense2_description/environment/path.dsv
[1.392s] -- Installing: /home/nvidia/ros2_ws/KIST/VLM_AutonomousDriving/realsense/realsense-ros-4.56.4/install/realsense2_description/share/realsense2_description/local_setup.bash
[1.392s] -- Installing: /home/nvidia/ros2_ws/KIST/VLM_AutonomousDriving/realsense/realsense-ros-4.56.4/install/realsense2_description/share/realsense2_description/local_setup.sh
[1.392s] -- Installing: /home/nvidia/ros2_ws/KIST/VLM_AutonomousDriving/realsense/realsense-ros-4.56.4/install/realsense2_description/share/realsense2_description/local_setup.zsh
[1.393s] -- Installing: /home/nvidia/ros2_ws/KIST/VLM_AutonomousDriving/realsense/realsense-ros-4.56.4/install/realsense2_description/share/realsense2_description/local_setup.dsv
[1.393s] -- Installing: /home/nvidia/ros2_ws/KIST/VLM_AutonomousDriving/realsense/realsense-ros-4.56.4/install/realsense2_description/share/realsense2_description/package.dsv
[1.393s] -- Installing: /home/nvidia/ros2_ws/KIST/VLM_AutonomousDriving/realsense/realsense-ros-4.56.4/install/realsense2_description/share/ament_index/resource_index/packages/realsense2_description
[1.393s] -- Installing: /home/nvidia/ros2_ws/KIST/VLM_AutonomousDriving/realsense/realsense-ros-4.56.4/install/realsense2_description/share/realsense2_description/cmake/realsense2_descriptionConfig.cmake
[1.394s] -- Installing: /home/nvidia/ros2_ws/KIST/VLM_AutonomousDriving/realsense/realsense-ros-4.56.4/install/realsense2_description/share/realsense2_description/cmake/realsense2_descriptionConfig-version.cmake
[1.394s] -- Installing: /home/nvidia/ros2_ws/KIST/VLM_AutonomousDriving/realsense/realsense-ros-4.56.4/install/realsense2_description/share/realsense2_description/package.xml
[1.396s] Invoked command in '/home/nvidia/ros2_ws/KIST/VLM_AutonomousDriving/realsense/realsense-ros-4.56.4/build/realsense2_description' returned '0': AMENT_PREFIX_PATH=/home/nvidia/ros2_ws/KIST/VLM_AutonomousDriving/realsense/realsense-ros-4.56.4/install/realsense2_camera_msgs:${AMENT_PREFIX_PATH} CMAKE_PREFIX_PATH=/home/nvidia/ros2_ws/KIST/VLM_AutonomousDriving/realsense/realsense-ros-4.56.4/install/realsense2_camera_msgs:/home/nvidia/ros2_ws/unitree_ros2/install:/opt/ros/humble LD_LIBRARY_PATH=/home/nvidia/ros2_ws/KIST/VLM_AutonomousDriving/realsense/realsense-ros-4.56.4/install/realsense2_camera_msgs/lib:/opt/ros/humble/opt/rviz_ogre_vendor/lib:/opt/ros/humble/lib/aarch64-linux-gnu:/opt/ros/humble/lib:/usr/local/cuda-12.6/lib64 PYTHONPATH=/home/nvidia/ros2_ws/KIST/VLM_AutonomousDriving/realsense/realsense-ros-4.56.4/install/realsense2_camera_msgs/local/lib/python3.10/dist-packages:${PYTHONPATH} /usr/bin/cmake --install /home/nvidia/ros2_ws/KIST/VLM_AutonomousDriving/realsense/realsense-ros-4.56.4/build/realsense2_description
