[0.249s] DEBUG:colcon:Command line arguments: ['/usr/bin/colcon', 'build']
[0.250s] DEBUG:colcon:Parsed command line arguments: Namespace(log_base=None, log_level=None, verb_name='build', build_base='build', install_base='install', merge_install=False, symlink_install=False, test_result_base=None, continue_on_error=False, executor='parallel', parallel_workers=12, event_handlers=None, ignore_user_meta=False, metas=['./colcon.meta'], base_paths=['.'], packages_ignore=None, packages_ignore_regex=None, paths=None, packages_up_to=None, packages_up_to_regex=None, packages_above=None, packages_above_and_dependencies=None, packages_above_depth=None, packages_select_by_dep=None, packages_skip_by_dep=None, packages_skip_up_to=None, packages_select_build_failed=False, packages_skip_build_finished=False, packages_select_test_failures=False, packages_skip_test_passed=False, packages_select=None, packages_skip=None, packages_select_regex=None, packages_skip_regex=None, packages_start=None, packages_end=None, allow_overriding=[], cmake_args=None, cmake_target=None, cmake_target_skip_unavailable=False, cmake_clean_cache=False, cmake_clean_first=False, cmake_force_configure=False, ament_cmake_args=None, catkin_cmake_args=None, catkin_skip_building_tests=False, mixin_files=None, mixin=None, verb_parser=<colcon_mixin.mixin.mixin_argument.MixinArgumentDecorator object at 0xffffaccdead0>, verb_extension=<colcon_core.verb.build.BuildVerb object at 0xfffface83a60>, main=<bound method BuildVerb.main of <colcon_core.verb.build.BuildVerb object at 0xfffface83a60>>, mixin_verb=('build',))
[0.529s] Level 1:colcon.colcon_core.package_discovery:discover_packages(colcon_meta) check parameters
[0.529s] Level 1:colcon.colcon_core.package_discovery:discover_packages(recursive) check parameters
[0.529s] Level 1:colcon.colcon_core.package_discovery:discover_packages(ignore) check parameters
[0.529s] Level 1:colcon.colcon_core.package_discovery:discover_packages(path) check parameters
[0.529s] Level 1:colcon.colcon_core.package_discovery:discover_packages(colcon_meta) discover
[0.529s] Level 1:colcon.colcon_core.package_discovery:discover_packages(recursive) discover
[0.529s] INFO:colcon.colcon_core.package_discovery:Crawling recursively for packages in '/home/nvidia/ros2_ws/KIST/VLM_AutonomousDriving/realsense/realsense-ros-4.56.4'
[0.530s] Level 1:colcon.colcon_core.package_identification:_identify(.) by extensions ['ignore', 'ignore_ament_install']
[0.530s] Level 1:colcon.colcon_core.package_identification:_identify(.) by extension 'ignore'
[0.530s] Level 1:colcon.colcon_core.package_identification:_identify(.) by extension 'ignore_ament_install'
[0.530s] Level 1:colcon.colcon_core.package_identification:_identify(.) by extensions ['colcon_pkg']
[0.530s] Level 1:colcon.colcon_core.package_identification:_identify(.) by extension 'colcon_pkg'
[0.530s] Level 1:colcon.colcon_core.package_identification:_identify(.) by extensions ['colcon_meta']
[0.530s] Level 1:colcon.colcon_core.package_identification:_identify(.) by extension 'colcon_meta'
[0.530s] Level 1:colcon.colcon_core.package_identification:_identify(.) by extensions ['ros']
[0.530s] Level 1:colcon.colcon_core.package_identification:_identify(.) by extension 'ros'
[0.546s] Level 1:colcon.colcon_core.package_identification:_identify(.) by extensions ['cmake', 'python']
[0.546s] Level 1:colcon.colcon_core.package_identification:_identify(.) by extension 'cmake'
[0.546s] Level 1:colcon.colcon_core.package_identification:_identify(.) by extension 'python'
[0.546s] Level 1:colcon.colcon_core.package_identification:_identify(.) by extensions ['python_setup_py']
[0.546s] Level 1:colcon.colcon_core.package_identification:_identify(.) by extension 'python_setup_py'
[0.547s] Level 1:colcon.colcon_core.package_identification:_identify(build) by extensions ['ignore', 'ignore_ament_install']
[0.547s] Level 1:colcon.colcon_core.package_identification:_identify(build) by extension 'ignore'
[0.547s] Level 1:colcon.colcon_core.package_identification:_identify(build) ignored
[0.547s] Level 1:colcon.colcon_core.package_identification:_identify(install) by extensions ['ignore', 'ignore_ament_install']
[0.547s] Level 1:colcon.colcon_core.package_identification:_identify(install) by extension 'ignore'
[0.547s] Level 1:colcon.colcon_core.package_identification:_identify(install) ignored
[0.547s] Level 1:colcon.colcon_core.package_identification:_identify(log) by extensions ['ignore', 'ignore_ament_install']
[0.547s] Level 1:colcon.colcon_core.package_identification:_identify(log) by extension 'ignore'
[0.548s] Level 1:colcon.colcon_core.package_identification:_identify(log) ignored
[0.548s] Level 1:colcon.colcon_core.package_identification:_identify(realsense2_camera) by extensions ['ignore', 'ignore_ament_install']
[0.548s] Level 1:colcon.colcon_core.package_identification:_identify(realsense2_camera) by extension 'ignore'
[0.548s] Level 1:colcon.colcon_core.package_identification:_identify(realsense2_camera) by extension 'ignore_ament_install'
[0.548s] Level 1:colcon.colcon_core.package_identification:_identify(realsense2_camera) by extensions ['colcon_pkg']
[0.548s] Level 1:colcon.colcon_core.package_identification:_identify(realsense2_camera) by extension 'colcon_pkg'
[0.548s] Level 1:colcon.colcon_core.package_identification:_identify(realsense2_camera) by extensions ['colcon_meta']
[0.548s] Level 1:colcon.colcon_core.package_identification:_identify(realsense2_camera) by extension 'colcon_meta'
[0.548s] Level 1:colcon.colcon_core.package_identification:_identify(realsense2_camera) by extensions ['ros']
[0.548s] Level 1:colcon.colcon_core.package_identification:_identify(realsense2_camera) by extension 'ros'
[0.579s] DEBUG:colcon.colcon_core.package_identification:Package 'realsense2_camera' with type 'ros.ament_cmake' and name 'realsense2_camera'
[0.580s] Level 1:colcon.colcon_core.package_identification:_identify(realsense2_camera_msgs) by extensions ['ignore', 'ignore_ament_install']
[0.580s] Level 1:colcon.colcon_core.package_identification:_identify(realsense2_camera_msgs) by extension 'ignore'
[0.580s] Level 1:colcon.colcon_core.package_identification:_identify(realsense2_camera_msgs) by extension 'ignore_ament_install'
[0.580s] Level 1:colcon.colcon_core.package_identification:_identify(realsense2_camera_msgs) by extensions ['colcon_pkg']
[0.580s] Level 1:colcon.colcon_core.package_identification:_identify(realsense2_camera_msgs) by extension 'colcon_pkg'
[0.580s] Level 1:colcon.colcon_core.package_identification:_identify(realsense2_camera_msgs) by extensions ['colcon_meta']
[0.580s] Level 1:colcon.colcon_core.package_identification:_identify(realsense2_camera_msgs) by extension 'colcon_meta'
[0.580s] Level 1:colcon.colcon_core.package_identification:_identify(realsense2_camera_msgs) by extensions ['ros']
[0.580s] Level 1:colcon.colcon_core.package_identification:_identify(realsense2_camera_msgs) by extension 'ros'
[0.582s] DEBUG:colcon.colcon_core.package_identification:Package 'realsense2_camera_msgs' with type 'ros.ament_cmake' and name 'realsense2_camera_msgs'
[0.582s] Level 1:colcon.colcon_core.package_identification:_identify(realsense2_description) by extensions ['ignore', 'ignore_ament_install']
[0.582s] Level 1:colcon.colcon_core.package_identification:_identify(realsense2_description) by extension 'ignore'
[0.582s] Level 1:colcon.colcon_core.package_identification:_identify(realsense2_description) by extension 'ignore_ament_install'
[0.582s] Level 1:colcon.colcon_core.package_identification:_identify(realsense2_description) by extensions ['colcon_pkg']
[0.582s] Level 1:colcon.colcon_core.package_identification:_identify(realsense2_description) by extension 'colcon_pkg'
[0.582s] Level 1:colcon.colcon_core.package_identification:_identify(realsense2_description) by extensions ['colcon_meta']
[0.582s] Level 1:colcon.colcon_core.package_identification:_identify(realsense2_description) by extension 'colcon_meta'
[0.582s] Level 1:colcon.colcon_core.package_identification:_identify(realsense2_description) by extensions ['ros']
[0.582s] Level 1:colcon.colcon_core.package_identification:_identify(realsense2_description) by extension 'ros'
[0.583s] DEBUG:colcon.colcon_core.package_identification:Package 'realsense2_description' with type 'ros.ament_cmake' and name 'realsense2_description'
[0.584s] Level 1:colcon.colcon_core.package_identification:_identify(scripts) by extensions ['ignore', 'ignore_ament_install']
[0.584s] Level 1:colcon.colcon_core.package_identification:_identify(scripts) by extension 'ignore'
[0.584s] Level 1:colcon.colcon_core.package_identification:_identify(scripts) by extension 'ignore_ament_install'
[0.584s] Level 1:colcon.colcon_core.package_identification:_identify(scripts) by extensions ['colcon_pkg']
[0.584s] Level 1:colcon.colcon_core.package_identification:_identify(scripts) by extension 'colcon_pkg'
[0.584s] Level 1:colcon.colcon_core.package_identification:_identify(scripts) by extensions ['colcon_meta']
[0.584s] Level 1:colcon.colcon_core.package_identification:_identify(scripts) by extension 'colcon_meta'
[0.584s] Level 1:colcon.colcon_core.package_identification:_identify(scripts) by extensions ['ros']
[0.585s] Level 1:colcon.colcon_core.package_identification:_identify(scripts) by extension 'ros'
[0.585s] Level 1:colcon.colcon_core.package_identification:_identify(scripts) by extensions ['cmake', 'python']
[0.585s] Level 1:colcon.colcon_core.package_identification:_identify(scripts) by extension 'cmake'
[0.585s] Level 1:colcon.colcon_core.package_identification:_identify(scripts) by extension 'python'
[0.585s] Level 1:colcon.colcon_core.package_identification:_identify(scripts) by extensions ['python_setup_py']
[0.585s] Level 1:colcon.colcon_core.package_identification:_identify(scripts) by extension 'python_setup_py'
[0.585s] Level 1:colcon.colcon_core.package_identification:_identify(src) by extensions ['ignore', 'ignore_ament_install']
[0.585s] Level 1:colcon.colcon_core.package_identification:_identify(src) by extension 'ignore'
[0.585s] Level 1:colcon.colcon_core.package_identification:_identify(src) by extension 'ignore_ament_install'
[0.585s] Level 1:colcon.colcon_core.package_identification:_identify(src) by extensions ['colcon_pkg']
[0.585s] Level 1:colcon.colcon_core.package_identification:_identify(src) by extension 'colcon_pkg'
[0.585s] Level 1:colcon.colcon_core.package_identification:_identify(src) by extensions ['colcon_meta']
[0.586s] Level 1:colcon.colcon_core.package_identification:_identify(src) by extension 'colcon_meta'
[0.586s] Level 1:colcon.colcon_core.package_identification:_identify(src) by extensions ['ros']
[0.586s] Level 1:colcon.colcon_core.package_identification:_identify(src) by extension 'ros'
[0.586s] Level 1:colcon.colcon_core.package_identification:_identify(src) by extensions ['cmake', 'python']
[0.586s] Level 1:colcon.colcon_core.package_identification:_identify(src) by extension 'cmake'
[0.586s] Level 1:colcon.colcon_core.package_identification:_identify(src) by extension 'python'
[0.586s] Level 1:colcon.colcon_core.package_identification:_identify(src) by extensions ['python_setup_py']
[0.586s] Level 1:colcon.colcon_core.package_identification:_identify(src) by extension 'python_setup_py'
[0.586s] Level 1:colcon.colcon_core.package_discovery:discover_packages(recursive) using defaults
[0.586s] Level 1:colcon.colcon_core.package_discovery:discover_packages(ignore) discover
[0.586s] Level 1:colcon.colcon_core.package_discovery:discover_packages(ignore) using defaults
[0.586s] Level 1:colcon.colcon_core.package_discovery:discover_packages(path) discover
[0.586s] Level 1:colcon.colcon_core.package_discovery:discover_packages(path) using defaults
[0.620s] Level 1:colcon.colcon_core.package_discovery:discover_packages(prefix_path) check parameters
[0.620s] Level 1:colcon.colcon_core.package_discovery:discover_packages(prefix_path) discover
[0.622s] WARNING:colcon.colcon_ros.prefix_path.catkin:The path '/home/nvidia/ros2_ws/unitree_ros2/install' in the environment variable CMAKE_PREFIX_PATH doesn't exist
[0.625s] DEBUG:colcon.colcon_installed_package_information.package_discovery:Found 274 installed packages in /opt/ros/humble
[0.627s] Level 1:colcon.colcon_core.package_discovery:discover_packages(prefix_path) using defaults
[0.679s] Level 5:colcon.colcon_core.verb:set package 'realsense2_camera_msgs' build argument 'cmake_args' from command line to 'None'
[0.679s] Level 5:colcon.colcon_core.verb:set package 'realsense2_camera_msgs' build argument 'cmake_target' from command line to 'None'
[0.679s] Level 5:colcon.colcon_core.verb:set package 'realsense2_camera_msgs' build argument 'cmake_target_skip_unavailable' from command line to 'False'
[0.679s] Level 5:colcon.colcon_core.verb:set package 'realsense2_camera_msgs' build argument 'cmake_clean_cache' from command line to 'False'
[0.679s] Level 5:colcon.colcon_core.verb:set package 'realsense2_camera_msgs' build argument 'cmake_clean_first' from command line to 'False'
[0.679s] Level 5:colcon.colcon_core.verb:set package 'realsense2_camera_msgs' build argument 'cmake_force_configure' from command line to 'False'
[0.679s] Level 5:colcon.colcon_core.verb:set package 'realsense2_camera_msgs' build argument 'ament_cmake_args' from command line to 'None'
[0.679s] Level 5:colcon.colcon_core.verb:set package 'realsense2_camera_msgs' build argument 'catkin_cmake_args' from command line to 'None'
[0.679s] Level 5:colcon.colcon_core.verb:set package 'realsense2_camera_msgs' build argument 'catkin_skip_building_tests' from command line to 'False'
[0.679s] DEBUG:colcon.colcon_core.verb:Building package 'realsense2_camera_msgs' with the following arguments: {'ament_cmake_args': None, 'build_base': '/home/nvidia/ros2_ws/KIST/VLM_AutonomousDriving/realsense/realsense-ros-4.56.4/build/realsense2_camera_msgs', 'catkin_cmake_args': None, 'catkin_skip_building_tests': False, 'cmake_args': None, 'cmake_clean_cache': False, 'cmake_clean_first': False, 'cmake_force_configure': False, 'cmake_target': None, 'cmake_target_skip_unavailable': False, 'install_base': '/home/nvidia/ros2_ws/KIST/VLM_AutonomousDriving/realsense/realsense-ros-4.56.4/install/realsense2_camera_msgs', 'merge_install': False, 'path': '/home/nvidia/ros2_ws/KIST/VLM_AutonomousDriving/realsense/realsense-ros-4.56.4/realsense2_camera_msgs', 'symlink_install': False, 'test_result_base': None}
[0.680s] Level 5:colcon.colcon_core.verb:set package 'realsense2_camera' build argument 'cmake_args' from command line to 'None'
[0.680s] Level 5:colcon.colcon_core.verb:set package 'realsense2_camera' build argument 'cmake_target' from command line to 'None'
[0.680s] Level 5:colcon.colcon_core.verb:set package 'realsense2_camera' build argument 'cmake_target_skip_unavailable' from command line to 'False'
[0.680s] Level 5:colcon.colcon_core.verb:set package 'realsense2_camera' build argument 'cmake_clean_cache' from command line to 'False'
[0.680s] Level 5:colcon.colcon_core.verb:set package 'realsense2_camera' build argument 'cmake_clean_first' from command line to 'False'
[0.680s] Level 5:colcon.colcon_core.verb:set package 'realsense2_camera' build argument 'cmake_force_configure' from command line to 'False'
[0.680s] Level 5:colcon.colcon_core.verb:set package 'realsense2_camera' build argument 'ament_cmake_args' from command line to 'None'
[0.680s] Level 5:colcon.colcon_core.verb:set package 'realsense2_camera' build argument 'catkin_cmake_args' from command line to 'None'
[0.680s] Level 5:colcon.colcon_core.verb:set package 'realsense2_camera' build argument 'catkin_skip_building_tests' from command line to 'False'
[0.680s] DEBUG:colcon.colcon_core.verb:Building package 'realsense2_camera' with the following arguments: {'ament_cmake_args': None, 'build_base': '/home/nvidia/ros2_ws/KIST/VLM_AutonomousDriving/realsense/realsense-ros-4.56.4/build/realsense2_camera', 'catkin_cmake_args': None, 'catkin_skip_building_tests': False, 'cmake_args': None, 'cmake_clean_cache': False, 'cmake_clean_first': False, 'cmake_force_configure': False, 'cmake_target': None, 'cmake_target_skip_unavailable': False, 'install_base': '/home/nvidia/ros2_ws/KIST/VLM_AutonomousDriving/realsense/realsense-ros-4.56.4/install/realsense2_camera', 'merge_install': False, 'path': '/home/nvidia/ros2_ws/KIST/VLM_AutonomousDriving/realsense/realsense-ros-4.56.4/realsense2_camera', 'symlink_install': False, 'test_result_base': None}
[0.681s] Level 5:colcon.colcon_core.verb:set package 'realsense2_description' build argument 'cmake_args' from command line to 'None'
[0.681s] Level 5:colcon.colcon_core.verb:set package 'realsense2_description' build argument 'cmake_target' from command line to 'None'
[0.681s] Level 5:colcon.colcon_core.verb:set package 'realsense2_description' build argument 'cmake_target_skip_unavailable' from command line to 'False'
[0.681s] Level 5:colcon.colcon_core.verb:set package 'realsense2_description' build argument 'cmake_clean_cache' from command line to 'False'
[0.681s] Level 5:colcon.colcon_core.verb:set package 'realsense2_description' build argument 'cmake_clean_first' from command line to 'False'
[0.681s] Level 5:colcon.colcon_core.verb:set package 'realsense2_description' build argument 'cmake_force_configure' from command line to 'False'
[0.681s] Level 5:colcon.colcon_core.verb:set package 'realsense2_description' build argument 'ament_cmake_args' from command line to 'None'
[0.681s] Level 5:colcon.colcon_core.verb:set package 'realsense2_description' build argument 'catkin_cmake_args' from command line to 'None'
[0.681s] Level 5:colcon.colcon_core.verb:set package 'realsense2_description' build argument 'catkin_skip_building_tests' from command line to 'False'
[0.681s] DEBUG:colcon.colcon_core.verb:Building package 'realsense2_description' with the following arguments: {'ament_cmake_args': None, 'build_base': '/home/nvidia/ros2_ws/KIST/VLM_AutonomousDriving/realsense/realsense-ros-4.56.4/build/realsense2_description', 'catkin_cmake_args': None, 'catkin_skip_building_tests': False, 'cmake_args': None, 'cmake_clean_cache': False, 'cmake_clean_first': False, 'cmake_force_configure': False, 'cmake_target': None, 'cmake_target_skip_unavailable': False, 'install_base': '/home/nvidia/ros2_ws/KIST/VLM_AutonomousDriving/realsense/realsense-ros-4.56.4/install/realsense2_description', 'merge_install': False, 'path': '/home/nvidia/ros2_ws/KIST/VLM_AutonomousDriving/realsense/realsense-ros-4.56.4/realsense2_description', 'symlink_install': False, 'test_result_base': None}
[0.681s] INFO:colcon.colcon_core.executor:Executing jobs using 'parallel' executor
[0.683s] DEBUG:colcon.colcon_parallel_executor.executor.parallel:run_until_complete
[0.684s] INFO:colcon.colcon_ros.task.ament_cmake.build:Building ROS package in '/home/nvidia/ros2_ws/KIST/VLM_AutonomousDriving/realsense/realsense-ros-4.56.4/realsense2_camera_msgs' with build type 'ament_cmake'
[0.684s] INFO:colcon.colcon_cmake.task.cmake.build:Building CMake package in '/home/nvidia/ros2_ws/KIST/VLM_AutonomousDriving/realsense/realsense-ros-4.56.4/realsense2_camera_msgs'
[0.690s] INFO:colcon.colcon_core.plugin_system:Skipping extension 'colcon_core.shell.bat': Not used on non-Windows systems
[0.690s] INFO:colcon.colcon_core.shell:Skip shell extension 'powershell' for command environment: Not usable outside of PowerShell
[0.690s] DEBUG:colcon.colcon_core.shell:Skip shell extension 'dsv' for command environment
[0.703s] DEBUG:colcon.colcon_core.event_handler.log_command:Invoking command in '/home/nvidia/ros2_ws/KIST/VLM_AutonomousDriving/realsense/realsense-ros-4.56.4/build/realsense2_camera_msgs': CMAKE_PREFIX_PATH=${CMAKE_PREFIX_PATH}:/opt/ros/humble /usr/bin/cmake /home/nvidia/ros2_ws/KIST/VLM_AutonomousDriving/realsense/realsense-ros-4.56.4/realsense2_camera_msgs -DCMAKE_INSTALL_PREFIX=/home/nvidia/ros2_ws/KIST/VLM_AutonomousDriving/realsense/realsense-ros-4.56.4/install/realsense2_camera_msgs
[4.561s] DEBUG:colcon.colcon_core.event_handler.log_command:Invoked command in '/home/nvidia/ros2_ws/KIST/VLM_AutonomousDriving/realsense/realsense-ros-4.56.4/build/realsense2_camera_msgs' returned '0': CMAKE_PREFIX_PATH=${CMAKE_PREFIX_PATH}:/opt/ros/humble /usr/bin/cmake /home/nvidia/ros2_ws/KIST/VLM_AutonomousDriving/realsense/realsense-ros-4.56.4/realsense2_camera_msgs -DCMAKE_INSTALL_PREFIX=/home/nvidia/ros2_ws/KIST/VLM_AutonomousDriving/realsense/realsense-ros-4.56.4/install/realsense2_camera_msgs
[4.567s] DEBUG:colcon.colcon_core.event_handler.log_command:Invoking command in '/home/nvidia/ros2_ws/KIST/VLM_AutonomousDriving/realsense/realsense-ros-4.56.4/build/realsense2_camera_msgs': CMAKE_PREFIX_PATH=${CMAKE_PREFIX_PATH}:/opt/ros/humble /usr/bin/cmake --build /home/nvidia/ros2_ws/KIST/VLM_AutonomousDriving/realsense/realsense-ros-4.56.4/build/realsense2_camera_msgs -- -j12 -l12
[13.259s] DEBUG:colcon.colcon_core.event_handler.log_command:Invoked command in '/home/nvidia/ros2_ws/KIST/VLM_AutonomousDriving/realsense/realsense-ros-4.56.4/build/realsense2_camera_msgs' returned '0': CMAKE_PREFIX_PATH=${CMAKE_PREFIX_PATH}:/opt/ros/humble /usr/bin/cmake --build /home/nvidia/ros2_ws/KIST/VLM_AutonomousDriving/realsense/realsense-ros-4.56.4/build/realsense2_camera_msgs -- -j12 -l12
[13.281s] DEBUG:colcon.colcon_core.event_handler.log_command:Invoking command in '/home/nvidia/ros2_ws/KIST/VLM_AutonomousDriving/realsense/realsense-ros-4.56.4/build/realsense2_camera_msgs': CMAKE_PREFIX_PATH=${CMAKE_PREFIX_PATH}:/opt/ros/humble /usr/bin/cmake --install /home/nvidia/ros2_ws/KIST/VLM_AutonomousDriving/realsense/realsense-ros-4.56.4/build/realsense2_camera_msgs
[13.464s] Level 1:colcon.colcon_core.environment:create_environment_scripts_only(realsense2_camera_msgs)
[13.465s] DEBUG:colcon.colcon_core.event_handler.log_command:Invoked command in '/home/nvidia/ros2_ws/KIST/VLM_AutonomousDriving/realsense/realsense-ros-4.56.4/build/realsense2_camera_msgs' returned '0': CMAKE_PREFIX_PATH=${CMAKE_PREFIX_PATH}:/opt/ros/humble /usr/bin/cmake --install /home/nvidia/ros2_ws/KIST/VLM_AutonomousDriving/realsense/realsense-ros-4.56.4/build/realsense2_camera_msgs
[13.479s] Level 1:colcon.colcon_core.environment:checking '/home/nvidia/ros2_ws/KIST/VLM_AutonomousDriving/realsense/realsense-ros-4.56.4/install/realsense2_camera_msgs' for CMake module files
[13.482s] Level 1:colcon.colcon_core.environment:checking '/home/nvidia/ros2_ws/KIST/VLM_AutonomousDriving/realsense/realsense-ros-4.56.4/install/realsense2_camera_msgs' for CMake config files
[13.482s] Level 1:colcon.colcon_core.shell:create_environment_hook('realsense2_camera_msgs', 'cmake_prefix_path')
[13.483s] INFO:colcon.colcon_core.shell:Creating environment hook '/home/nvidia/ros2_ws/KIST/VLM_AutonomousDriving/realsense/realsense-ros-4.56.4/install/realsense2_camera_msgs/share/realsense2_camera_msgs/hook/cmake_prefix_path.ps1'
[13.486s] INFO:colcon.colcon_core.shell:Creating environment descriptor '/home/nvidia/ros2_ws/KIST/VLM_AutonomousDriving/realsense/realsense-ros-4.56.4/install/realsense2_camera_msgs/share/realsense2_camera_msgs/hook/cmake_prefix_path.dsv'
[13.488s] INFO:colcon.colcon_core.shell:Creating environment hook '/home/nvidia/ros2_ws/KIST/VLM_AutonomousDriving/realsense/realsense-ros-4.56.4/install/realsense2_camera_msgs/share/realsense2_camera_msgs/hook/cmake_prefix_path.sh'
[13.491s] Level 1:colcon.colcon_core.environment:checking '/home/nvidia/ros2_ws/KIST/VLM_AutonomousDriving/realsense/realsense-ros-4.56.4/install/realsense2_camera_msgs/lib'
[13.492s] Level 1:colcon.colcon_core.shell:create_environment_hook('realsense2_camera_msgs', 'ld_library_path_lib')
[13.493s] INFO:colcon.colcon_core.shell:Creating environment hook '/home/nvidia/ros2_ws/KIST/VLM_AutonomousDriving/realsense/realsense-ros-4.56.4/install/realsense2_camera_msgs/share/realsense2_camera_msgs/hook/ld_library_path_lib.ps1'
[13.494s] INFO:colcon.colcon_core.shell:Creating environment descriptor '/home/nvidia/ros2_ws/KIST/VLM_AutonomousDriving/realsense/realsense-ros-4.56.4/install/realsense2_camera_msgs/share/realsense2_camera_msgs/hook/ld_library_path_lib.dsv'
[13.495s] INFO:colcon.colcon_core.shell:Creating environment hook '/home/nvidia/ros2_ws/KIST/VLM_AutonomousDriving/realsense/realsense-ros-4.56.4/install/realsense2_camera_msgs/share/realsense2_camera_msgs/hook/ld_library_path_lib.sh'
[13.497s] Level 1:colcon.colcon_core.environment:checking '/home/nvidia/ros2_ws/KIST/VLM_AutonomousDriving/realsense/realsense-ros-4.56.4/install/realsense2_camera_msgs/bin'
[13.497s] Level 1:colcon.colcon_core.environment:checking '/home/nvidia/ros2_ws/KIST/VLM_AutonomousDriving/realsense/realsense-ros-4.56.4/install/realsense2_camera_msgs/lib/pkgconfig/realsense2_camera_msgs.pc'
[13.498s] Level 1:colcon.colcon_core.environment:checking '/home/nvidia/ros2_ws/KIST/VLM_AutonomousDriving/realsense/realsense-ros-4.56.4/install/realsense2_camera_msgs/lib/python3.10/site-packages'
[13.499s] Level 1:colcon.colcon_core.environment:checking '/home/nvidia/ros2_ws/KIST/VLM_AutonomousDriving/realsense/realsense-ros-4.56.4/install/realsense2_camera_msgs/bin'
[13.500s] INFO:colcon.colcon_core.shell:Creating package script '/home/nvidia/ros2_ws/KIST/VLM_AutonomousDriving/realsense/realsense-ros-4.56.4/install/realsense2_camera_msgs/share/realsense2_camera_msgs/package.ps1'
[13.503s] INFO:colcon.colcon_core.shell:Creating package descriptor '/home/nvidia/ros2_ws/KIST/VLM_AutonomousDriving/realsense/realsense-ros-4.56.4/install/realsense2_camera_msgs/share/realsense2_camera_msgs/package.dsv'
[13.506s] INFO:colcon.colcon_core.shell:Creating package script '/home/nvidia/ros2_ws/KIST/VLM_AutonomousDriving/realsense/realsense-ros-4.56.4/install/realsense2_camera_msgs/share/realsense2_camera_msgs/package.sh'
[13.509s] INFO:colcon.colcon_core.shell:Creating package script '/home/nvidia/ros2_ws/KIST/VLM_AutonomousDriving/realsense/realsense-ros-4.56.4/install/realsense2_camera_msgs/share/realsense2_camera_msgs/package.bash'
[13.512s] INFO:colcon.colcon_core.shell:Creating package script '/home/nvidia/ros2_ws/KIST/VLM_AutonomousDriving/realsense/realsense-ros-4.56.4/install/realsense2_camera_msgs/share/realsense2_camera_msgs/package.zsh'
[13.515s] Level 1:colcon.colcon_core.environment:create_file_with_runtime_dependencies(/home/nvidia/ros2_ws/KIST/VLM_AutonomousDriving/realsense/realsense-ros-4.56.4/install/realsense2_camera_msgs/share/colcon-core/packages/realsense2_camera_msgs)
[13.518s] Level 1:colcon.colcon_core.environment:create_environment_scripts_only(realsense2_camera_msgs)
[13.519s] Level 1:colcon.colcon_core.environment:checking '/home/nvidia/ros2_ws/KIST/VLM_AutonomousDriving/realsense/realsense-ros-4.56.4/install/realsense2_camera_msgs' for CMake module files
[13.521s] Level 1:colcon.colcon_core.environment:checking '/home/nvidia/ros2_ws/KIST/VLM_AutonomousDriving/realsense/realsense-ros-4.56.4/install/realsense2_camera_msgs' for CMake config files
[13.522s] Level 1:colcon.colcon_core.shell:create_environment_hook('realsense2_camera_msgs', 'cmake_prefix_path')
[13.523s] INFO:colcon.colcon_core.shell:Creating environment hook '/home/nvidia/ros2_ws/KIST/VLM_AutonomousDriving/realsense/realsense-ros-4.56.4/install/realsense2_camera_msgs/share/realsense2_camera_msgs/hook/cmake_prefix_path.ps1'
[13.525s] INFO:colcon.colcon_core.shell:Creating environment descriptor '/home/nvidia/ros2_ws/KIST/VLM_AutonomousDriving/realsense/realsense-ros-4.56.4/install/realsense2_camera_msgs/share/realsense2_camera_msgs/hook/cmake_prefix_path.dsv'
[13.526s] INFO:colcon.colcon_core.shell:Creating environment hook '/home/nvidia/ros2_ws/KIST/VLM_AutonomousDriving/realsense/realsense-ros-4.56.4/install/realsense2_camera_msgs/share/realsense2_camera_msgs/hook/cmake_prefix_path.sh'
[13.528s] Level 1:colcon.colcon_core.environment:checking '/home/nvidia/ros2_ws/KIST/VLM_AutonomousDriving/realsense/realsense-ros-4.56.4/install/realsense2_camera_msgs/lib'
[13.529s] Level 1:colcon.colcon_core.shell:create_environment_hook('realsense2_camera_msgs', 'ld_library_path_lib')
[13.530s] INFO:colcon.colcon_core.shell:Creating environment hook '/home/nvidia/ros2_ws/KIST/VLM_AutonomousDriving/realsense/realsense-ros-4.56.4/install/realsense2_camera_msgs/share/realsense2_camera_msgs/hook/ld_library_path_lib.ps1'
[13.531s] INFO:colcon.colcon_core.shell:Creating environment descriptor '/home/nvidia/ros2_ws/KIST/VLM_AutonomousDriving/realsense/realsense-ros-4.56.4/install/realsense2_camera_msgs/share/realsense2_camera_msgs/hook/ld_library_path_lib.dsv'
[13.533s] INFO:colcon.colcon_core.shell:Creating environment hook '/home/nvidia/ros2_ws/KIST/VLM_AutonomousDriving/realsense/realsense-ros-4.56.4/install/realsense2_camera_msgs/share/realsense2_camera_msgs/hook/ld_library_path_lib.sh'
[13.534s] Level 1:colcon.colcon_core.environment:checking '/home/nvidia/ros2_ws/KIST/VLM_AutonomousDriving/realsense/realsense-ros-4.56.4/install/realsense2_camera_msgs/bin'
[13.534s] Level 1:colcon.colcon_core.environment:checking '/home/nvidia/ros2_ws/KIST/VLM_AutonomousDriving/realsense/realsense-ros-4.56.4/install/realsense2_camera_msgs/lib/pkgconfig/realsense2_camera_msgs.pc'
[13.535s] Level 1:colcon.colcon_core.environment:checking '/home/nvidia/ros2_ws/KIST/VLM_AutonomousDriving/realsense/realsense-ros-4.56.4/install/realsense2_camera_msgs/lib/python3.10/site-packages'
[13.536s] Level 1:colcon.colcon_core.environment:checking '/home/nvidia/ros2_ws/KIST/VLM_AutonomousDriving/realsense/realsense-ros-4.56.4/install/realsense2_camera_msgs/bin'
[13.537s] INFO:colcon.colcon_core.shell:Creating package script '/home/nvidia/ros2_ws/KIST/VLM_AutonomousDriving/realsense/realsense-ros-4.56.4/install/realsense2_camera_msgs/share/realsense2_camera_msgs/package.ps1'
[13.540s] INFO:colcon.colcon_core.shell:Creating package descriptor '/home/nvidia/ros2_ws/KIST/VLM_AutonomousDriving/realsense/realsense-ros-4.56.4/install/realsense2_camera_msgs/share/realsense2_camera_msgs/package.dsv'
[13.542s] INFO:colcon.colcon_core.shell:Creating package script '/home/nvidia/ros2_ws/KIST/VLM_AutonomousDriving/realsense/realsense-ros-4.56.4/install/realsense2_camera_msgs/share/realsense2_camera_msgs/package.sh'
[13.544s] INFO:colcon.colcon_core.shell:Creating package script '/home/nvidia/ros2_ws/KIST/VLM_AutonomousDriving/realsense/realsense-ros-4.56.4/install/realsense2_camera_msgs/share/realsense2_camera_msgs/package.bash'
[13.546s] INFO:colcon.colcon_core.shell:Creating package script '/home/nvidia/ros2_ws/KIST/VLM_AutonomousDriving/realsense/realsense-ros-4.56.4/install/realsense2_camera_msgs/share/realsense2_camera_msgs/package.zsh'
[13.547s] Level 1:colcon.colcon_core.environment:create_file_with_runtime_dependencies(/home/nvidia/ros2_ws/KIST/VLM_AutonomousDriving/realsense/realsense-ros-4.56.4/install/realsense2_camera_msgs/share/colcon-core/packages/realsense2_camera_msgs)
[13.548s] INFO:colcon.colcon_ros.task.ament_cmake.build:Building ROS package in '/home/nvidia/ros2_ws/KIST/VLM_AutonomousDriving/realsense/realsense-ros-4.56.4/realsense2_camera' with build type 'ament_cmake'
[13.549s] INFO:colcon.colcon_cmake.task.cmake.build:Building CMake package in '/home/nvidia/ros2_ws/KIST/VLM_AutonomousDriving/realsense/realsense-ros-4.56.4/realsense2_camera'
[13.550s] INFO:colcon.colcon_core.shell:Skip shell extension 'powershell' for command environment: Not usable outside of PowerShell
[13.550s] DEBUG:colcon.colcon_core.shell:Skip shell extension 'dsv' for command environment
[13.559s] INFO:colcon.colcon_ros.task.ament_cmake.build:Building ROS package in '/home/nvidia/ros2_ws/KIST/VLM_AutonomousDriving/realsense/realsense-ros-4.56.4/realsense2_description' with build type 'ament_cmake'
[13.560s] INFO:colcon.colcon_cmake.task.cmake.build:Building CMake package in '/home/nvidia/ros2_ws/KIST/VLM_AutonomousDriving/realsense/realsense-ros-4.56.4/realsense2_description'
[13.560s] INFO:colcon.colcon_core.shell:Skip shell extension 'powershell' for command environment: Not usable outside of PowerShell
[13.560s] DEBUG:colcon.colcon_core.shell:Skip shell extension 'dsv' for command environment
[13.574s] DEBUG:colcon.colcon_core.event_handler.log_command:Invoking command in '/home/nvidia/ros2_ws/KIST/VLM_AutonomousDriving/realsense/realsense-ros-4.56.4/build/realsense2_camera': AMENT_PREFIX_PATH=/home/nvidia/ros2_ws/KIST/VLM_AutonomousDriving/realsense/realsense-ros-4.56.4/install/realsense2_camera_msgs:${AMENT_PREFIX_PATH} CMAKE_PREFIX_PATH=/home/nvidia/ros2_ws/KIST/VLM_AutonomousDriving/realsense/realsense-ros-4.56.4/install/realsense2_camera_msgs:/home/nvidia/ros2_ws/unitree_ros2/install:/opt/ros/humble LD_LIBRARY_PATH=/home/nvidia/ros2_ws/KIST/VLM_AutonomousDriving/realsense/realsense-ros-4.56.4/install/realsense2_camera_msgs/lib:/opt/ros/humble/opt/rviz_ogre_vendor/lib:/opt/ros/humble/lib/aarch64-linux-gnu:/opt/ros/humble/lib:/usr/local/cuda-12.6/lib64 PYTHONPATH=/home/nvidia/ros2_ws/KIST/VLM_AutonomousDriving/realsense/realsense-ros-4.56.4/install/realsense2_camera_msgs/local/lib/python3.10/dist-packages:${PYTHONPATH} /usr/bin/cmake /home/nvidia/ros2_ws/KIST/VLM_AutonomousDriving/realsense/realsense-ros-4.56.4/realsense2_camera -DCMAKE_INSTALL_PREFIX=/home/nvidia/ros2_ws/KIST/VLM_AutonomousDriving/realsense/realsense-ros-4.56.4/install/realsense2_camera
[13.581s] DEBUG:colcon.colcon_core.event_handler.log_command:Invoking command in '/home/nvidia/ros2_ws/KIST/VLM_AutonomousDriving/realsense/realsense-ros-4.56.4/build/realsense2_description': AMENT_PREFIX_PATH=/home/nvidia/ros2_ws/KIST/VLM_AutonomousDriving/realsense/realsense-ros-4.56.4/install/realsense2_camera_msgs:${AMENT_PREFIX_PATH} CMAKE_PREFIX_PATH=/home/nvidia/ros2_ws/KIST/VLM_AutonomousDriving/realsense/realsense-ros-4.56.4/install/realsense2_camera_msgs:/home/nvidia/ros2_ws/unitree_ros2/install:/opt/ros/humble LD_LIBRARY_PATH=/home/nvidia/ros2_ws/KIST/VLM_AutonomousDriving/realsense/realsense-ros-4.56.4/install/realsense2_camera_msgs/lib:/opt/ros/humble/opt/rviz_ogre_vendor/lib:/opt/ros/humble/lib/aarch64-linux-gnu:/opt/ros/humble/lib:/usr/local/cuda-12.6/lib64 PYTHONPATH=/home/nvidia/ros2_ws/KIST/VLM_AutonomousDriving/realsense/realsense-ros-4.56.4/install/realsense2_camera_msgs/local/lib/python3.10/dist-packages:${PYTHONPATH} /usr/bin/cmake /home/nvidia/ros2_ws/KIST/VLM_AutonomousDriving/realsense/realsense-ros-4.56.4/realsense2_description -DCMAKE_INSTALL_PREFIX=/home/nvidia/ros2_ws/KIST/VLM_AutonomousDriving/realsense/realsense-ros-4.56.4/install/realsense2_description
[14.725s] DEBUG:colcon.colcon_core.event_handler.log_command:Invoked command in '/home/nvidia/ros2_ws/KIST/VLM_AutonomousDriving/realsense/realsense-ros-4.56.4/build/realsense2_description' returned '0': AMENT_PREFIX_PATH=/home/nvidia/ros2_ws/KIST/VLM_AutonomousDriving/realsense/realsense-ros-4.56.4/install/realsense2_camera_msgs:${AMENT_PREFIX_PATH} CMAKE_PREFIX_PATH=/home/nvidia/ros2_ws/KIST/VLM_AutonomousDriving/realsense/realsense-ros-4.56.4/install/realsense2_camera_msgs:/home/nvidia/ros2_ws/unitree_ros2/install:/opt/ros/humble LD_LIBRARY_PATH=/home/nvidia/ros2_ws/KIST/VLM_AutonomousDriving/realsense/realsense-ros-4.56.4/install/realsense2_camera_msgs/lib:/opt/ros/humble/opt/rviz_ogre_vendor/lib:/opt/ros/humble/lib/aarch64-linux-gnu:/opt/ros/humble/lib:/usr/local/cuda-12.6/lib64 PYTHONPATH=/home/nvidia/ros2_ws/KIST/VLM_AutonomousDriving/realsense/realsense-ros-4.56.4/install/realsense2_camera_msgs/local/lib/python3.10/dist-packages:${PYTHONPATH} /usr/bin/cmake /home/nvidia/ros2_ws/KIST/VLM_AutonomousDriving/realsense/realsense-ros-4.56.4/realsense2_description -DCMAKE_INSTALL_PREFIX=/home/nvidia/ros2_ws/KIST/VLM_AutonomousDriving/realsense/realsense-ros-4.56.4/install/realsense2_description
[14.730s] DEBUG:colcon.colcon_core.event_handler.log_command:Invoking command in '/home/nvidia/ros2_ws/KIST/VLM_AutonomousDriving/realsense/realsense-ros-4.56.4/build/realsense2_description': AMENT_PREFIX_PATH=/home/nvidia/ros2_ws/KIST/VLM_AutonomousDriving/realsense/realsense-ros-4.56.4/install/realsense2_camera_msgs:${AMENT_PREFIX_PATH} CMAKE_PREFIX_PATH=/home/nvidia/ros2_ws/KIST/VLM_AutonomousDriving/realsense/realsense-ros-4.56.4/install/realsense2_camera_msgs:/home/nvidia/ros2_ws/unitree_ros2/install:/opt/ros/humble LD_LIBRARY_PATH=/home/nvidia/ros2_ws/KIST/VLM_AutonomousDriving/realsense/realsense-ros-4.56.4/install/realsense2_camera_msgs/lib:/opt/ros/humble/opt/rviz_ogre_vendor/lib:/opt/ros/humble/lib/aarch64-linux-gnu:/opt/ros/humble/lib:/usr/local/cuda-12.6/lib64 PYTHONPATH=/home/nvidia/ros2_ws/KIST/VLM_AutonomousDriving/realsense/realsense-ros-4.56.4/install/realsense2_camera_msgs/local/lib/python3.10/dist-packages:${PYTHONPATH} /usr/bin/cmake --build /home/nvidia/ros2_ws/KIST/VLM_AutonomousDriving/realsense/realsense-ros-4.56.4/build/realsense2_description -- -j12 -l12
[14.802s] DEBUG:colcon.colcon_core.event_handler.log_command:Invoked command in '/home/nvidia/ros2_ws/KIST/VLM_AutonomousDriving/realsense/realsense-ros-4.56.4/build/realsense2_description' returned '0': AMENT_PREFIX_PATH=/home/nvidia/ros2_ws/KIST/VLM_AutonomousDriving/realsense/realsense-ros-4.56.4/install/realsense2_camera_msgs:${AMENT_PREFIX_PATH} CMAKE_PREFIX_PATH=/home/nvidia/ros2_ws/KIST/VLM_AutonomousDriving/realsense/realsense-ros-4.56.4/install/realsense2_camera_msgs:/home/nvidia/ros2_ws/unitree_ros2/install:/opt/ros/humble LD_LIBRARY_PATH=/home/nvidia/ros2_ws/KIST/VLM_AutonomousDriving/realsense/realsense-ros-4.56.4/install/realsense2_camera_msgs/lib:/opt/ros/humble/opt/rviz_ogre_vendor/lib:/opt/ros/humble/lib/aarch64-linux-gnu:/opt/ros/humble/lib:/usr/local/cuda-12.6/lib64 PYTHONPATH=/home/nvidia/ros2_ws/KIST/VLM_AutonomousDriving/realsense/realsense-ros-4.56.4/install/realsense2_camera_msgs/local/lib/python3.10/dist-packages:${PYTHONPATH} /usr/bin/cmake --build /home/nvidia/ros2_ws/KIST/VLM_AutonomousDriving/realsense/realsense-ros-4.56.4/build/realsense2_description -- -j12 -l12
[14.807s] DEBUG:colcon.colcon_core.event_handler.log_command:Invoking command in '/home/nvidia/ros2_ws/KIST/VLM_AutonomousDriving/realsense/realsense-ros-4.56.4/build/realsense2_description': AMENT_PREFIX_PATH=/home/nvidia/ros2_ws/KIST/VLM_AutonomousDriving/realsense/realsense-ros-4.56.4/install/realsense2_camera_msgs:${AMENT_PREFIX_PATH} CMAKE_PREFIX_PATH=/home/nvidia/ros2_ws/KIST/VLM_AutonomousDriving/realsense/realsense-ros-4.56.4/install/realsense2_camera_msgs:/home/nvidia/ros2_ws/unitree_ros2/install:/opt/ros/humble LD_LIBRARY_PATH=/home/nvidia/ros2_ws/KIST/VLM_AutonomousDriving/realsense/realsense-ros-4.56.4/install/realsense2_camera_msgs/lib:/opt/ros/humble/opt/rviz_ogre_vendor/lib:/opt/ros/humble/lib/aarch64-linux-gnu:/opt/ros/humble/lib:/usr/local/cuda-12.6/lib64 PYTHONPATH=/home/nvidia/ros2_ws/KIST/VLM_AutonomousDriving/realsense/realsense-ros-4.56.4/install/realsense2_camera_msgs/local/lib/python3.10/dist-packages:${PYTHONPATH} /usr/bin/cmake --install /home/nvidia/ros2_ws/KIST/VLM_AutonomousDriving/realsense/realsense-ros-4.56.4/build/realsense2_description
[14.954s] Level 1:colcon.colcon_core.environment:create_environment_scripts_only(realsense2_description)
[14.956s] Level 1:colcon.colcon_core.environment:checking '/home/nvidia/ros2_ws/KIST/VLM_AutonomousDriving/realsense/realsense-ros-4.56.4/install/realsense2_description' for CMake module files
[14.957s] DEBUG:colcon.colcon_core.event_handler.log_command:Invoked command in '/home/nvidia/ros2_ws/KIST/VLM_AutonomousDriving/realsense/realsense-ros-4.56.4/build/realsense2_description' returned '0': AMENT_PREFIX_PATH=/home/nvidia/ros2_ws/KIST/VLM_AutonomousDriving/realsense/realsense-ros-4.56.4/install/realsense2_camera_msgs:${AMENT_PREFIX_PATH} CMAKE_PREFIX_PATH=/home/nvidia/ros2_ws/KIST/VLM_AutonomousDriving/realsense/realsense-ros-4.56.4/install/realsense2_camera_msgs:/home/nvidia/ros2_ws/unitree_ros2/install:/opt/ros/humble LD_LIBRARY_PATH=/home/nvidia/ros2_ws/KIST/VLM_AutonomousDriving/realsense/realsense-ros-4.56.4/install/realsense2_camera_msgs/lib:/opt/ros/humble/opt/rviz_ogre_vendor/lib:/opt/ros/humble/lib/aarch64-linux-gnu:/opt/ros/humble/lib:/usr/local/cuda-12.6/lib64 PYTHONPATH=/home/nvidia/ros2_ws/KIST/VLM_AutonomousDriving/realsense/realsense-ros-4.56.4/install/realsense2_camera_msgs/local/lib/python3.10/dist-packages:${PYTHONPATH} /usr/bin/cmake --install /home/nvidia/ros2_ws/KIST/VLM_AutonomousDriving/realsense/realsense-ros-4.56.4/build/realsense2_description
[14.958s] Level 1:colcon.colcon_core.environment:checking '/home/nvidia/ros2_ws/KIST/VLM_AutonomousDriving/realsense/realsense-ros-4.56.4/install/realsense2_description' for CMake config files
[14.959s] Level 1:colcon.colcon_core.shell:create_environment_hook('realsense2_description', 'cmake_prefix_path')
[14.960s] INFO:colcon.colcon_core.shell:Creating environment hook '/home/nvidia/ros2_ws/KIST/VLM_AutonomousDriving/realsense/realsense-ros-4.56.4/install/realsense2_description/share/realsense2_description/hook/cmake_prefix_path.ps1'
[14.962s] INFO:colcon.colcon_core.shell:Creating environment descriptor '/home/nvidia/ros2_ws/KIST/VLM_AutonomousDriving/realsense/realsense-ros-4.56.4/install/realsense2_description/share/realsense2_description/hook/cmake_prefix_path.dsv'
[14.963s] INFO:colcon.colcon_core.shell:Creating environment hook '/home/nvidia/ros2_ws/KIST/VLM_AutonomousDriving/realsense/realsense-ros-4.56.4/install/realsense2_description/share/realsense2_description/hook/cmake_prefix_path.sh'
[14.965s] Level 1:colcon.colcon_core.environment:checking '/home/nvidia/ros2_ws/KIST/VLM_AutonomousDriving/realsense/realsense-ros-4.56.4/install/realsense2_description/bin'
[14.966s] Level 1:colcon.colcon_core.environment:checking '/home/nvidia/ros2_ws/KIST/VLM_AutonomousDriving/realsense/realsense-ros-4.56.4/install/realsense2_description/lib/pkgconfig/realsense2_description.pc'
[14.966s] Level 1:colcon.colcon_core.environment:checking '/home/nvidia/ros2_ws/KIST/VLM_AutonomousDriving/realsense/realsense-ros-4.56.4/install/realsense2_description/lib/python3.10/site-packages'
[14.967s] Level 1:colcon.colcon_core.environment:checking '/home/nvidia/ros2_ws/KIST/VLM_AutonomousDriving/realsense/realsense-ros-4.56.4/install/realsense2_description/bin'
[14.968s] INFO:colcon.colcon_core.shell:Creating package script '/home/nvidia/ros2_ws/KIST/VLM_AutonomousDriving/realsense/realsense-ros-4.56.4/install/realsense2_description/share/realsense2_description/package.ps1'
[14.970s] INFO:colcon.colcon_core.shell:Creating package descriptor '/home/nvidia/ros2_ws/KIST/VLM_AutonomousDriving/realsense/realsense-ros-4.56.4/install/realsense2_description/share/realsense2_description/package.dsv'
[14.971s] INFO:colcon.colcon_core.shell:Creating package script '/home/nvidia/ros2_ws/KIST/VLM_AutonomousDriving/realsense/realsense-ros-4.56.4/install/realsense2_description/share/realsense2_description/package.sh'
[14.973s] INFO:colcon.colcon_core.shell:Creating package script '/home/nvidia/ros2_ws/KIST/VLM_AutonomousDriving/realsense/realsense-ros-4.56.4/install/realsense2_description/share/realsense2_description/package.bash'
[14.974s] INFO:colcon.colcon_core.shell:Creating package script '/home/nvidia/ros2_ws/KIST/VLM_AutonomousDriving/realsense/realsense-ros-4.56.4/install/realsense2_description/share/realsense2_description/package.zsh'
[14.976s] Level 1:colcon.colcon_core.environment:create_file_with_runtime_dependencies(/home/nvidia/ros2_ws/KIST/VLM_AutonomousDriving/realsense/realsense-ros-4.56.4/install/realsense2_description/share/colcon-core/packages/realsense2_description)
[14.978s] Level 1:colcon.colcon_core.environment:create_environment_scripts_only(realsense2_description)
[14.979s] Level 1:colcon.colcon_core.environment:checking '/home/nvidia/ros2_ws/KIST/VLM_AutonomousDriving/realsense/realsense-ros-4.56.4/install/realsense2_description' for CMake module files
[14.980s] Level 1:colcon.colcon_core.environment:checking '/home/nvidia/ros2_ws/KIST/VLM_AutonomousDriving/realsense/realsense-ros-4.56.4/install/realsense2_description' for CMake config files
[14.981s] Level 1:colcon.colcon_core.shell:create_environment_hook('realsense2_description', 'cmake_prefix_path')
[14.982s] INFO:colcon.colcon_core.shell:Creating environment hook '/home/nvidia/ros2_ws/KIST/VLM_AutonomousDriving/realsense/realsense-ros-4.56.4/install/realsense2_description/share/realsense2_description/hook/cmake_prefix_path.ps1'
[14.984s] INFO:colcon.colcon_core.shell:Creating environment descriptor '/home/nvidia/ros2_ws/KIST/VLM_AutonomousDriving/realsense/realsense-ros-4.56.4/install/realsense2_description/share/realsense2_description/hook/cmake_prefix_path.dsv'
[14.985s] INFO:colcon.colcon_core.shell:Creating environment hook '/home/nvidia/ros2_ws/KIST/VLM_AutonomousDriving/realsense/realsense-ros-4.56.4/install/realsense2_description/share/realsense2_description/hook/cmake_prefix_path.sh'
[14.987s] Level 1:colcon.colcon_core.environment:checking '/home/nvidia/ros2_ws/KIST/VLM_AutonomousDriving/realsense/realsense-ros-4.56.4/install/realsense2_description/bin'
[14.987s] Level 1:colcon.colcon_core.environment:checking '/home/nvidia/ros2_ws/KIST/VLM_AutonomousDriving/realsense/realsense-ros-4.56.4/install/realsense2_description/lib/pkgconfig/realsense2_description.pc'
[14.988s] Level 1:colcon.colcon_core.environment:checking '/home/nvidia/ros2_ws/KIST/VLM_AutonomousDriving/realsense/realsense-ros-4.56.4/install/realsense2_description/lib/python3.10/site-packages'
[14.989s] Level 1:colcon.colcon_core.environment:checking '/home/nvidia/ros2_ws/KIST/VLM_AutonomousDriving/realsense/realsense-ros-4.56.4/install/realsense2_description/bin'
[14.990s] INFO:colcon.colcon_core.shell:Creating package script '/home/nvidia/ros2_ws/KIST/VLM_AutonomousDriving/realsense/realsense-ros-4.56.4/install/realsense2_description/share/realsense2_description/package.ps1'
[14.992s] INFO:colcon.colcon_core.shell:Creating package descriptor '/home/nvidia/ros2_ws/KIST/VLM_AutonomousDriving/realsense/realsense-ros-4.56.4/install/realsense2_description/share/realsense2_description/package.dsv'
[14.994s] INFO:colcon.colcon_core.shell:Creating package script '/home/nvidia/ros2_ws/KIST/VLM_AutonomousDriving/realsense/realsense-ros-4.56.4/install/realsense2_description/share/realsense2_description/package.sh'
[14.995s] INFO:colcon.colcon_core.shell:Creating package script '/home/nvidia/ros2_ws/KIST/VLM_AutonomousDriving/realsense/realsense-ros-4.56.4/install/realsense2_description/share/realsense2_description/package.bash'
[14.997s] INFO:colcon.colcon_core.shell:Creating package script '/home/nvidia/ros2_ws/KIST/VLM_AutonomousDriving/realsense/realsense-ros-4.56.4/install/realsense2_description/share/realsense2_description/package.zsh'
[14.998s] Level 1:colcon.colcon_core.environment:create_file_with_runtime_dependencies(/home/nvidia/ros2_ws/KIST/VLM_AutonomousDriving/realsense/realsense-ros-4.56.4/install/realsense2_description/share/colcon-core/packages/realsense2_description)
[28.118s] DEBUG:colcon.colcon_core.event_handler.log_command:Invoked command in '/home/nvidia/ros2_ws/KIST/VLM_AutonomousDriving/realsense/realsense-ros-4.56.4/build/realsense2_camera' returned '0': AMENT_PREFIX_PATH=/home/nvidia/ros2_ws/KIST/VLM_AutonomousDriving/realsense/realsense-ros-4.56.4/install/realsense2_camera_msgs:${AMENT_PREFIX_PATH} CMAKE_PREFIX_PATH=/home/nvidia/ros2_ws/KIST/VLM_AutonomousDriving/realsense/realsense-ros-4.56.4/install/realsense2_camera_msgs:/home/nvidia/ros2_ws/unitree_ros2/install:/opt/ros/humble LD_LIBRARY_PATH=/home/nvidia/ros2_ws/KIST/VLM_AutonomousDriving/realsense/realsense-ros-4.56.4/install/realsense2_camera_msgs/lib:/opt/ros/humble/opt/rviz_ogre_vendor/lib:/opt/ros/humble/lib/aarch64-linux-gnu:/opt/ros/humble/lib:/usr/local/cuda-12.6/lib64 PYTHONPATH=/home/nvidia/ros2_ws/KIST/VLM_AutonomousDriving/realsense/realsense-ros-4.56.4/install/realsense2_camera_msgs/local/lib/python3.10/dist-packages:${PYTHONPATH} /usr/bin/cmake /home/nvidia/ros2_ws/KIST/VLM_AutonomousDriving/realsense/realsense-ros-4.56.4/realsense2_camera -DCMAKE_INSTALL_PREFIX=/home/nvidia/ros2_ws/KIST/VLM_AutonomousDriving/realsense/realsense-ros-4.56.4/install/realsense2_camera
[28.121s] DEBUG:colcon.colcon_core.event_handler.log_command:Invoking command in '/home/nvidia/ros2_ws/KIST/VLM_AutonomousDriving/realsense/realsense-ros-4.56.4/build/realsense2_camera': AMENT_PREFIX_PATH=/home/nvidia/ros2_ws/KIST/VLM_AutonomousDriving/realsense/realsense-ros-4.56.4/install/realsense2_camera_msgs:${AMENT_PREFIX_PATH} CMAKE_PREFIX_PATH=/home/nvidia/ros2_ws/KIST/VLM_AutonomousDriving/realsense/realsense-ros-4.56.4/install/realsense2_camera_msgs:/home/nvidia/ros2_ws/unitree_ros2/install:/opt/ros/humble LD_LIBRARY_PATH=/home/nvidia/ros2_ws/KIST/VLM_AutonomousDriving/realsense/realsense-ros-4.56.4/install/realsense2_camera_msgs/lib:/opt/ros/humble/opt/rviz_ogre_vendor/lib:/opt/ros/humble/lib/aarch64-linux-gnu:/opt/ros/humble/lib:/usr/local/cuda-12.6/lib64 PYTHONPATH=/home/nvidia/ros2_ws/KIST/VLM_AutonomousDriving/realsense/realsense-ros-4.56.4/install/realsense2_camera_msgs/local/lib/python3.10/dist-packages:${PYTHONPATH} /usr/bin/cmake --build /home/nvidia/ros2_ws/KIST/VLM_AutonomousDriving/realsense/realsense-ros-4.56.4/build/realsense2_camera -- -j12 -l12
[64.434s] DEBUG:colcon.colcon_core.event_handler.log_command:Invoked command in '/home/nvidia/ros2_ws/KIST/VLM_AutonomousDriving/realsense/realsense-ros-4.56.4/build/realsense2_camera' returned '0': AMENT_PREFIX_PATH=/home/nvidia/ros2_ws/KIST/VLM_AutonomousDriving/realsense/realsense-ros-4.56.4/install/realsense2_camera_msgs:${AMENT_PREFIX_PATH} CMAKE_PREFIX_PATH=/home/nvidia/ros2_ws/KIST/VLM_AutonomousDriving/realsense/realsense-ros-4.56.4/install/realsense2_camera_msgs:/home/nvidia/ros2_ws/unitree_ros2/install:/opt/ros/humble LD_LIBRARY_PATH=/home/nvidia/ros2_ws/KIST/VLM_AutonomousDriving/realsense/realsense-ros-4.56.4/install/realsense2_camera_msgs/lib:/opt/ros/humble/opt/rviz_ogre_vendor/lib:/opt/ros/humble/lib/aarch64-linux-gnu:/opt/ros/humble/lib:/usr/local/cuda-12.6/lib64 PYTHONPATH=/home/nvidia/ros2_ws/KIST/VLM_AutonomousDriving/realsense/realsense-ros-4.56.4/install/realsense2_camera_msgs/local/lib/python3.10/dist-packages:${PYTHONPATH} /usr/bin/cmake --build /home/nvidia/ros2_ws/KIST/VLM_AutonomousDriving/realsense/realsense-ros-4.56.4/build/realsense2_camera -- -j12 -l12
[64.439s] DEBUG:colcon.colcon_core.event_handler.log_command:Invoking command in '/home/nvidia/ros2_ws/KIST/VLM_AutonomousDriving/realsense/realsense-ros-4.56.4/build/realsense2_camera': AMENT_PREFIX_PATH=/home/nvidia/ros2_ws/KIST/VLM_AutonomousDriving/realsense/realsense-ros-4.56.4/install/realsense2_camera_msgs:${AMENT_PREFIX_PATH} CMAKE_PREFIX_PATH=/home/nvidia/ros2_ws/KIST/VLM_AutonomousDriving/realsense/realsense-ros-4.56.4/install/realsense2_camera_msgs:/home/nvidia/ros2_ws/unitree_ros2/install:/opt/ros/humble LD_LIBRARY_PATH=/home/nvidia/ros2_ws/KIST/VLM_AutonomousDriving/realsense/realsense-ros-4.56.4/install/realsense2_camera_msgs/lib:/opt/ros/humble/opt/rviz_ogre_vendor/lib:/opt/ros/humble/lib/aarch64-linux-gnu:/opt/ros/humble/lib:/usr/local/cuda-12.6/lib64 PYTHONPATH=/home/nvidia/ros2_ws/KIST/VLM_AutonomousDriving/realsense/realsense-ros-4.56.4/install/realsense2_camera_msgs/local/lib/python3.10/dist-packages:${PYTHONPATH} /usr/bin/cmake --install /home/nvidia/ros2_ws/KIST/VLM_AutonomousDriving/realsense/realsense-ros-4.56.4/build/realsense2_camera
[64.485s] Level 1:colcon.colcon_core.environment:create_environment_scripts_only(realsense2_camera)
[64.486s] Level 1:colcon.colcon_core.environment:checking '/home/nvidia/ros2_ws/KIST/VLM_AutonomousDriving/realsense/realsense-ros-4.56.4/install/realsense2_camera' for CMake module files
[64.488s] DEBUG:colcon.colcon_core.event_handler.log_command:Invoked command in '/home/nvidia/ros2_ws/KIST/VLM_AutonomousDriving/realsense/realsense-ros-4.56.4/build/realsense2_camera' returned '0': AMENT_PREFIX_PATH=/home/nvidia/ros2_ws/KIST/VLM_AutonomousDriving/realsense/realsense-ros-4.56.4/install/realsense2_camera_msgs:${AMENT_PREFIX_PATH} CMAKE_PREFIX_PATH=/home/nvidia/ros2_ws/KIST/VLM_AutonomousDriving/realsense/realsense-ros-4.56.4/install/realsense2_camera_msgs:/home/nvidia/ros2_ws/unitree_ros2/install:/opt/ros/humble LD_LIBRARY_PATH=/home/nvidia/ros2_ws/KIST/VLM_AutonomousDriving/realsense/realsense-ros-4.56.4/install/realsense2_camera_msgs/lib:/opt/ros/humble/opt/rviz_ogre_vendor/lib:/opt/ros/humble/lib/aarch64-linux-gnu:/opt/ros/humble/lib:/usr/local/cuda-12.6/lib64 PYTHONPATH=/home/nvidia/ros2_ws/KIST/VLM_AutonomousDriving/realsense/realsense-ros-4.56.4/install/realsense2_camera_msgs/local/lib/python3.10/dist-packages:${PYTHONPATH} /usr/bin/cmake --install /home/nvidia/ros2_ws/KIST/VLM_AutonomousDriving/realsense/realsense-ros-4.56.4/build/realsense2_camera
[64.489s] Level 1:colcon.colcon_core.environment:checking '/home/nvidia/ros2_ws/KIST/VLM_AutonomousDriving/realsense/realsense-ros-4.56.4/install/realsense2_camera' for CMake config files
[64.490s] Level 1:colcon.colcon_core.shell:create_environment_hook('realsense2_camera', 'cmake_prefix_path')
[64.491s] INFO:colcon.colcon_core.shell:Creating environment hook '/home/nvidia/ros2_ws/KIST/VLM_AutonomousDriving/realsense/realsense-ros-4.56.4/install/realsense2_camera/share/realsense2_camera/hook/cmake_prefix_path.ps1'
[64.493s] INFO:colcon.colcon_core.shell:Creating environment descriptor '/home/nvidia/ros2_ws/KIST/VLM_AutonomousDriving/realsense/realsense-ros-4.56.4/install/realsense2_camera/share/realsense2_camera/hook/cmake_prefix_path.dsv'
[64.494s] INFO:colcon.colcon_core.shell:Creating environment hook '/home/nvidia/ros2_ws/KIST/VLM_AutonomousDriving/realsense/realsense-ros-4.56.4/install/realsense2_camera/share/realsense2_camera/hook/cmake_prefix_path.sh'
[64.496s] Level 1:colcon.colcon_core.environment:checking '/home/nvidia/ros2_ws/KIST/VLM_AutonomousDriving/realsense/realsense-ros-4.56.4/install/realsense2_camera/lib'
[64.497s] Level 1:colcon.colcon_core.shell:create_environment_hook('realsense2_camera', 'ld_library_path_lib')
[64.498s] INFO:colcon.colcon_core.shell:Creating environment hook '/home/nvidia/ros2_ws/KIST/VLM_AutonomousDriving/realsense/realsense-ros-4.56.4/install/realsense2_camera/share/realsense2_camera/hook/ld_library_path_lib.ps1'
[64.499s] INFO:colcon.colcon_core.shell:Creating environment descriptor '/home/nvidia/ros2_ws/KIST/VLM_AutonomousDriving/realsense/realsense-ros-4.56.4/install/realsense2_camera/share/realsense2_camera/hook/ld_library_path_lib.dsv'
[64.500s] INFO:colcon.colcon_core.shell:Creating environment hook '/home/nvidia/ros2_ws/KIST/VLM_AutonomousDriving/realsense/realsense-ros-4.56.4/install/realsense2_camera/share/realsense2_camera/hook/ld_library_path_lib.sh'
[64.502s] Level 1:colcon.colcon_core.environment:checking '/home/nvidia/ros2_ws/KIST/VLM_AutonomousDriving/realsense/realsense-ros-4.56.4/install/realsense2_camera/bin'
[64.502s] Level 1:colcon.colcon_core.environment:checking '/home/nvidia/ros2_ws/KIST/VLM_AutonomousDriving/realsense/realsense-ros-4.56.4/install/realsense2_camera/lib/pkgconfig/realsense2_camera.pc'
[64.503s] Level 1:colcon.colcon_core.environment:checking '/home/nvidia/ros2_ws/KIST/VLM_AutonomousDriving/realsense/realsense-ros-4.56.4/install/realsense2_camera/lib/python3.10/site-packages'
[64.504s] Level 1:colcon.colcon_core.environment:checking '/home/nvidia/ros2_ws/KIST/VLM_AutonomousDriving/realsense/realsense-ros-4.56.4/install/realsense2_camera/bin'
[64.505s] INFO:colcon.colcon_core.shell:Creating package script '/home/nvidia/ros2_ws/KIST/VLM_AutonomousDriving/realsense/realsense-ros-4.56.4/install/realsense2_camera/share/realsense2_camera/package.ps1'
[64.507s] INFO:colcon.colcon_core.shell:Creating package descriptor '/home/nvidia/ros2_ws/KIST/VLM_AutonomousDriving/realsense/realsense-ros-4.56.4/install/realsense2_camera/share/realsense2_camera/package.dsv'
[64.509s] INFO:colcon.colcon_core.shell:Creating package script '/home/nvidia/ros2_ws/KIST/VLM_AutonomousDriving/realsense/realsense-ros-4.56.4/install/realsense2_camera/share/realsense2_camera/package.sh'
[64.510s] INFO:colcon.colcon_core.shell:Creating package script '/home/nvidia/ros2_ws/KIST/VLM_AutonomousDriving/realsense/realsense-ros-4.56.4/install/realsense2_camera/share/realsense2_camera/package.bash'
[64.512s] INFO:colcon.colcon_core.shell:Creating package script '/home/nvidia/ros2_ws/KIST/VLM_AutonomousDriving/realsense/realsense-ros-4.56.4/install/realsense2_camera/share/realsense2_camera/package.zsh'
[64.513s] Level 1:colcon.colcon_core.environment:create_file_with_runtime_dependencies(/home/nvidia/ros2_ws/KIST/VLM_AutonomousDriving/realsense/realsense-ros-4.56.4/install/realsense2_camera/share/colcon-core/packages/realsense2_camera)
[64.515s] Level 1:colcon.colcon_core.environment:create_environment_scripts_only(realsense2_camera)
[64.516s] Level 1:colcon.colcon_core.environment:checking '/home/nvidia/ros2_ws/KIST/VLM_AutonomousDriving/realsense/realsense-ros-4.56.4/install/realsense2_camera' for CMake module files
[64.518s] Level 1:colcon.colcon_core.environment:checking '/home/nvidia/ros2_ws/KIST/VLM_AutonomousDriving/realsense/realsense-ros-4.56.4/install/realsense2_camera' for CMake config files
[64.519s] Level 1:colcon.colcon_core.shell:create_environment_hook('realsense2_camera', 'cmake_prefix_path')
[64.520s] INFO:colcon.colcon_core.shell:Creating environment hook '/home/nvidia/ros2_ws/KIST/VLM_AutonomousDriving/realsense/realsense-ros-4.56.4/install/realsense2_camera/share/realsense2_camera/hook/cmake_prefix_path.ps1'
[64.521s] INFO:colcon.colcon_core.shell:Creating environment descriptor '/home/nvidia/ros2_ws/KIST/VLM_AutonomousDriving/realsense/realsense-ros-4.56.4/install/realsense2_camera/share/realsense2_camera/hook/cmake_prefix_path.dsv'
[64.523s] INFO:colcon.colcon_core.shell:Creating environment hook '/home/nvidia/ros2_ws/KIST/VLM_AutonomousDriving/realsense/realsense-ros-4.56.4/install/realsense2_camera/share/realsense2_camera/hook/cmake_prefix_path.sh'
[64.525s] Level 1:colcon.colcon_core.environment:checking '/home/nvidia/ros2_ws/KIST/VLM_AutonomousDriving/realsense/realsense-ros-4.56.4/install/realsense2_camera/lib'
[64.525s] Level 1:colcon.colcon_core.shell:create_environment_hook('realsense2_camera', 'ld_library_path_lib')
[64.526s] INFO:colcon.colcon_core.shell:Creating environment hook '/home/nvidia/ros2_ws/KIST/VLM_AutonomousDriving/realsense/realsense-ros-4.56.4/install/realsense2_camera/share/realsense2_camera/hook/ld_library_path_lib.ps1'
[64.527s] INFO:colcon.colcon_core.shell:Creating environment descriptor '/home/nvidia/ros2_ws/KIST/VLM_AutonomousDriving/realsense/realsense-ros-4.56.4/install/realsense2_camera/share/realsense2_camera/hook/ld_library_path_lib.dsv'
[64.528s] INFO:colcon.colcon_core.shell:Creating environment hook '/home/nvidia/ros2_ws/KIST/VLM_AutonomousDriving/realsense/realsense-ros-4.56.4/install/realsense2_camera/share/realsense2_camera/hook/ld_library_path_lib.sh'
[64.530s] Level 1:colcon.colcon_core.environment:checking '/home/nvidia/ros2_ws/KIST/VLM_AutonomousDriving/realsense/realsense-ros-4.56.4/install/realsense2_camera/bin'
[64.530s] Level 1:colcon.colcon_core.environment:checking '/home/nvidia/ros2_ws/KIST/VLM_AutonomousDriving/realsense/realsense-ros-4.56.4/install/realsense2_camera/lib/pkgconfig/realsense2_camera.pc'
[64.531s] Level 1:colcon.colcon_core.environment:checking '/home/nvidia/ros2_ws/KIST/VLM_AutonomousDriving/realsense/realsense-ros-4.56.4/install/realsense2_camera/lib/python3.10/site-packages'
[64.532s] Level 1:colcon.colcon_core.environment:checking '/home/nvidia/ros2_ws/KIST/VLM_AutonomousDriving/realsense/realsense-ros-4.56.4/install/realsense2_camera/bin'
[64.533s] INFO:colcon.colcon_core.shell:Creating package script '/home/nvidia/ros2_ws/KIST/VLM_AutonomousDriving/realsense/realsense-ros-4.56.4/install/realsense2_camera/share/realsense2_camera/package.ps1'
[64.535s] INFO:colcon.colcon_core.shell:Creating package descriptor '/home/nvidia/ros2_ws/KIST/VLM_AutonomousDriving/realsense/realsense-ros-4.56.4/install/realsense2_camera/share/realsense2_camera/package.dsv'
[64.537s] INFO:colcon.colcon_core.shell:Creating package script '/home/nvidia/ros2_ws/KIST/VLM_AutonomousDriving/realsense/realsense-ros-4.56.4/install/realsense2_camera/share/realsense2_camera/package.sh'
[64.538s] INFO:colcon.colcon_core.shell:Creating package script '/home/nvidia/ros2_ws/KIST/VLM_AutonomousDriving/realsense/realsense-ros-4.56.4/install/realsense2_camera/share/realsense2_camera/package.bash'
[64.540s] INFO:colcon.colcon_core.shell:Creating package script '/home/nvidia/ros2_ws/KIST/VLM_AutonomousDriving/realsense/realsense-ros-4.56.4/install/realsense2_camera/share/realsense2_camera/package.zsh'
[64.541s] Level 1:colcon.colcon_core.environment:create_file_with_runtime_dependencies(/home/nvidia/ros2_ws/KIST/VLM_AutonomousDriving/realsense/realsense-ros-4.56.4/install/realsense2_camera/share/colcon-core/packages/realsense2_camera)
[64.542s] DEBUG:colcon.colcon_parallel_executor.executor.parallel:closing loop
[64.543s] DEBUG:colcon.colcon_parallel_executor.executor.parallel:loop closed
[64.543s] DEBUG:colcon.colcon_parallel_executor.executor.parallel:run_until_complete finished with '0'
[64.543s] DEBUG:colcon.colcon_core.event_reactor:joining thread
[64.564s] INFO:colcon.colcon_core.plugin_system:Skipping extension 'colcon_notification.desktop_notification.terminal_notifier': Not used on non-Darwin systems
[64.564s] INFO:colcon.colcon_core.plugin_system:Skipping extension 'colcon_notification.desktop_notification.win32': Not used on non-Windows systems
[64.564s] INFO:colcon.colcon_notification.desktop_notification:Sending desktop notification using 'notify2'
[64.642s] DEBUG:colcon.colcon_core.event_reactor:joined thread
[64.643s] INFO:colcon.colcon_core.shell:Creating prefix script '/home/nvidia/ros2_ws/KIST/VLM_AutonomousDriving/realsense/realsense-ros-4.56.4/install/local_setup.ps1'
[64.645s] INFO:colcon.colcon_core.shell:Creating prefix util module '/home/nvidia/ros2_ws/KIST/VLM_AutonomousDriving/realsense/realsense-ros-4.56.4/install/_local_setup_util_ps1.py'
[64.648s] INFO:colcon.colcon_core.shell:Creating prefix chain script '/home/nvidia/ros2_ws/KIST/VLM_AutonomousDriving/realsense/realsense-ros-4.56.4/install/setup.ps1'
[64.651s] INFO:colcon.colcon_core.shell:Creating prefix script '/home/nvidia/ros2_ws/KIST/VLM_AutonomousDriving/realsense/realsense-ros-4.56.4/install/local_setup.sh'
[64.652s] INFO:colcon.colcon_core.shell:Creating prefix util module '/home/nvidia/ros2_ws/KIST/VLM_AutonomousDriving/realsense/realsense-ros-4.56.4/install/_local_setup_util_sh.py'
[64.653s] INFO:colcon.colcon_core.shell:Creating prefix chain script '/home/nvidia/ros2_ws/KIST/VLM_AutonomousDriving/realsense/realsense-ros-4.56.4/install/setup.sh'
[64.655s] INFO:colcon.colcon_core.shell:Creating prefix script '/home/nvidia/ros2_ws/KIST/VLM_AutonomousDriving/realsense/realsense-ros-4.56.4/install/local_setup.bash'
[64.656s] INFO:colcon.colcon_core.shell:Creating prefix chain script '/home/nvidia/ros2_ws/KIST/VLM_AutonomousDriving/realsense/realsense-ros-4.56.4/install/setup.bash'
[64.657s] INFO:colcon.colcon_core.shell:Creating prefix script '/home/nvidia/ros2_ws/KIST/VLM_AutonomousDriving/realsense/realsense-ros-4.56.4/install/local_setup.zsh'
[64.659s] INFO:colcon.colcon_core.shell:Creating prefix chain script '/home/nvidia/ros2_ws/KIST/VLM_AutonomousDriving/realsense/realsense-ros-4.56.4/install/setup.zsh'
